{"C:\\Users\\gdpal\\TrackFit\\src\\app\\api\\auth\\route.ts": {"path":"C:\\Users\\gdpal\\TrackFit\\src\\app\\api\\auth\\route.ts","statementMap":{"0":{"start":{"line":146,"column":22},"end":{"line":146,"column":29}},"1":{"start":{"line":41,"column":22},"end":{"line":41,"column":27}},"2":{"start":{"line":11,"column":42},"end":{"line":11,"column":null}},"3":{"start":{"line":12,"column":18},"end":{"line":12,"column":null}},"4":{"start":{"line":13,"column":43},"end":{"line":13,"column":null}},"5":{"start":{"line":14,"column":31},"end":{"line":14,"column":null}},"6":{"start":{"line":15,"column":25},"end":{"line":15,"column":null}},"7":{"start":{"line":16,"column":31},"end":{"line":16,"column":null}},"8":{"start":{"line":17,"column":67},"end":{"line":17,"column":null}},"9":{"start":{"line":18,"column":26},"end":{"line":18,"column":null}},"10":{"start":{"line":21,"column":23},"end":{"line":29,"column":null}},"11":{"start":{"line":28,"column":54},"end":{"line":28,"column":116}},"12":{"start":{"line":31,"column":20},"end":{"line":34,"column":null}},"13":{"start":{"line":36,"column":21},"end":{"line":38,"column":null}},"14":{"start":{"line":42,"column":15},"end":{"line":42,"column":35}},"15":{"start":{"line":44,"column":13},"end":{"line":44,"column":null}},"16":{"start":{"line":45,"column":13},"end":{"line":45,"column":null}},"17":{"start":{"line":46,"column":2},"end":{"line":46,"column":null}},"18":{"start":{"line":46,"column":19},"end":{"line":46,"column":null}},"19":{"start":{"line":49,"column":2},"end":{"line":64,"column":null}},"20":{"start":{"line":50,"column":4},"end":{"line":63,"column":null}},"21":{"start":{"line":51,"column":19},"end":{"line":51,"column":null}},"22":{"start":{"line":52,"column":21},"end":{"line":52,"column":null}},"23":{"start":{"line":53,"column":6},"end":{"line":53,"column":null}},"24":{"start":{"line":53,"column":27},"end":{"line":53,"column":null}},"25":{"start":{"line":54,"column":23},"end":{"line":54,"column":null}},"26":{"start":{"line":55,"column":30},"end":{"line":58,"column":null}},"27":{"start":{"line":59,"column":6},"end":{"line":59,"column":null}},"28":{"start":{"line":59,"column":17},"end":{"line":59,"column":null}},"29":{"start":{"line":60,"column":6},"end":{"line":60,"column":null}},"30":{"start":{"line":62,"column":6},"end":{"line":62,"column":null}},"31":{"start":{"line":67,"column":2},"end":{"line":75,"column":null}},"32":{"start":{"line":68,"column":4},"end":{"line":74,"column":null}},"33":{"start":{"line":69,"column":23},"end":{"line":69,"column":null}},"34":{"start":{"line":70,"column":6},"end":{"line":70,"column":null}},"35":{"start":{"line":71,"column":6},"end":{"line":71,"column":null}},"36":{"start":{"line":73,"column":6},"end":{"line":73,"column":null}},"37":{"start":{"line":78,"column":2},"end":{"line":93,"column":null}},"38":{"start":{"line":79,"column":4},"end":{"line":92,"column":null}},"39":{"start":{"line":80,"column":19},"end":{"line":80,"column":null}},"40":{"start":{"line":81,"column":21},"end":{"line":81,"column":null}},"41":{"start":{"line":82,"column":6},"end":{"line":82,"column":null}},"42":{"start":{"line":82,"column":27},"end":{"line":82,"column":null}},"43":{"start":{"line":83,"column":23},"end":{"line":83,"column":null}},"44":{"start":{"line":84,"column":24},"end":{"line":86,"column":null}},"45":{"start":{"line":88,"column":6},"end":{"line":88,"column":null}},"46":{"start":{"line":88,"column":17},"end":{"line":88,"column":null}},"47":{"start":{"line":89,"column":6},"end":{"line":89,"column":null}},"48":{"start":{"line":91,"column":6},"end":{"line":91,"column":null}},"49":{"start":{"line":96,"column":2},"end":{"line":142,"column":null}},"50":{"start":{"line":97,"column":17},"end":{"line":97,"column":null}},"51":{"start":{"line":98,"column":19},"end":{"line":98,"column":null}},"52":{"start":{"line":99,"column":4},"end":{"line":99,"column":null}},"53":{"start":{"line":99,"column":25},"end":{"line":99,"column":null}},"54":{"start":{"line":102,"column":4},"end":{"line":104,"column":null}},"55":{"start":{"line":103,"column":6},"end":{"line":103,"column":null}},"56":{"start":{"line":106,"column":20},"end":{"line":106,"column":null}},"57":{"start":{"line":107,"column":17},"end":{"line":112,"column":null}},"58":{"start":{"line":116,"column":4},"end":{"line":126,"column":null}},"59":{"start":{"line":117,"column":23},"end":{"line":117,"column":null}},"60":{"start":{"line":118,"column":36},"end":{"line":121,"column":null}},"61":{"start":{"line":122,"column":6},"end":{"line":125,"column":null}},"62":{"start":{"line":124,"column":8},"end":{"line":124,"column":null}},"63":{"start":{"line":128,"column":4},"end":{"line":136,"column":null}},"64":{"start":{"line":129,"column":23},"end":{"line":129,"column":null}},"65":{"start":{"line":130,"column":38},"end":{"line":132,"column":null}},"66":{"start":{"line":133,"column":6},"end":{"line":135,"column":null}},"67":{"start":{"line":134,"column":8},"end":{"line":134,"column":null}},"68":{"start":{"line":139,"column":4},"end":{"line":139,"column":null}},"69":{"start":{"line":141,"column":4},"end":{"line":141,"column":null}},"70":{"start":{"line":148,"column":17},"end":{"line":148,"column":null}},"71":{"start":{"line":149,"column":2},"end":{"line":149,"column":null}},"72":{"start":{"line":149,"column":15},"end":{"line":149,"column":null}},"73":{"start":{"line":150,"column":2},"end":{"line":155,"column":null}},"74":{"start":{"line":151,"column":4},"end":{"line":151,"column":null}},"75":{"start":{"line":152,"column":4},"end":{"line":152,"column":null}},"76":{"start":{"line":154,"column":4},"end":{"line":154,"column":null}}},"fnMap":{"0":{"name":"(anonymous_3)","decl":{"start":{"line":28,"column":47},"end":{"line":28,"column":54}},"loc":{"start":{"line":28,"column":54},"end":{"line":28,"column":116}}},"1":{"name":"POST","decl":{"start":{"line":41,"column":22},"end":{"line":41,"column":27}},"loc":{"start":{"line":41,"column":43},"end":{"line":143,"column":null}}},"2":{"name":"DELETE","decl":{"start":{"line":146,"column":22},"end":{"line":146,"column":29}},"loc":{"start":{"line":146,"column":45},"end":{"line":156,"column":null}}}},"branchMap":{"0":{"loc":{"start":{"line":44,"column":13},"end":{"line":44,"column":null}},"type":"binary-expr","locations":[{"start":{"line":44,"column":13},"end":{"line":44,"column":51}},{"start":{"line":44,"column":51},"end":{"line":44,"column":83}},{"start":{"line":44,"column":83},"end":{"line":44,"column":null}}]},"1":{"loc":{"start":{"line":46,"column":2},"end":{"line":46,"column":null}},"type":"if","locations":[{"start":{"line":46,"column":2},"end":{"line":46,"column":null}},{"start":{},"end":{}}]},"2":{"loc":{"start":{"line":49,"column":2},"end":{"line":64,"column":null}},"type":"if","locations":[{"start":{"line":49,"column":2},"end":{"line":64,"column":null}},{"start":{},"end":{}}]},"3":{"loc":{"start":{"line":53,"column":6},"end":{"line":53,"column":null}},"type":"if","locations":[{"start":{"line":53,"column":6},"end":{"line":53,"column":null}},{"start":{},"end":{}}]},"4":{"loc":{"start":{"line":59,"column":6},"end":{"line":59,"column":null}},"type":"if","locations":[{"start":{"line":59,"column":6},"end":{"line":59,"column":null}},{"start":{},"end":{}}]},"5":{"loc":{"start":{"line":67,"column":2},"end":{"line":75,"column":null}},"type":"if","locations":[{"start":{"line":67,"column":2},"end":{"line":75,"column":null}},{"start":{},"end":{}}]},"6":{"loc":{"start":{"line":78,"column":2},"end":{"line":93,"column":null}},"type":"if","locations":[{"start":{"line":78,"column":2},"end":{"line":93,"column":null}},{"start":{},"end":{}}]},"7":{"loc":{"start":{"line":82,"column":6},"end":{"line":82,"column":null}},"type":"if","locations":[{"start":{"line":82,"column":6},"end":{"line":82,"column":null}},{"start":{},"end":{}}]},"8":{"loc":{"start":{"line":88,"column":6},"end":{"line":88,"column":null}},"type":"if","locations":[{"start":{"line":88,"column":6},"end":{"line":88,"column":null}},{"start":{},"end":{}}]},"9":{"loc":{"start":{"line":99,"column":4},"end":{"line":99,"column":null}},"type":"if","locations":[{"start":{"line":99,"column":4},"end":{"line":99,"column":null}},{"start":{},"end":{}}]},"10":{"loc":{"start":{"line":102,"column":4},"end":{"line":104,"column":null}},"type":"if","locations":[{"start":{"line":102,"column":4},"end":{"line":104,"column":null}},{"start":{},"end":{}}]},"11":{"loc":{"start":{"line":102,"column":8},"end":{"line":102,"column":80}},"type":"binary-expr","locations":[{"start":{"line":102,"column":8},"end":{"line":102,"column":41}},{"start":{"line":102,"column":41},"end":{"line":102,"column":80}}]},"12":{"loc":{"start":{"line":116,"column":4},"end":{"line":126,"column":null}},"type":"if","locations":[{"start":{"line":116,"column":4},"end":{"line":126,"column":null}},{"start":{},"end":{}}]},"13":{"loc":{"start":{"line":122,"column":6},"end":{"line":125,"column":null}},"type":"if","locations":[{"start":{"line":122,"column":6},"end":{"line":125,"column":null}},{"start":{},"end":{}}]},"14":{"loc":{"start":{"line":128,"column":4},"end":{"line":136,"column":null}},"type":"if","locations":[{"start":{"line":128,"column":4},"end":{"line":136,"column":null}},{"start":{},"end":{}}]},"15":{"loc":{"start":{"line":133,"column":6},"end":{"line":135,"column":null}},"type":"if","locations":[{"start":{"line":133,"column":6},"end":{"line":135,"column":null}},{"start":{},"end":{}}]},"16":{"loc":{"start":{"line":149,"column":2},"end":{"line":149,"column":null}},"type":"if","locations":[{"start":{"line":149,"column":2},"end":{"line":149,"column":null}},{"start":{},"end":{}}]}},"s":{"0":0,"1":12,"2":2,"3":2,"4":2,"5":2,"6":2,"7":2,"8":2,"9":2,"10":2,"11":2,"12":2,"13":2,"14":12,"15":12,"16":12,"17":12,"18":2,"19":10,"20":4,"21":4,"22":4,"23":4,"24":0,"25":4,"26":4,"27":4,"28":2,"29":2,"30":0,"31":6,"32":0,"33":0,"34":0,"35":0,"36":0,"37":6,"38":0,"39":0,"40":0,"41":0,"42":0,"43":0,"44":0,"45":0,"46":0,"47":0,"48":0,"49":6,"50":6,"51":6,"52":6,"53":4,"54":2,"55":0,"56":2,"57":2,"58":2,"59":0,"60":0,"61":0,"62":0,"63":2,"64":0,"65":0,"66":0,"67":0,"68":2,"69":0,"70":0,"71":0,"72":0,"73":0,"74":0,"75":0,"76":0},"f":{"0":2,"1":12,"2":0},"b":{"0":[12,12,12],"1":[2,10],"2":[4,6],"3":[0,4],"4":[2,2],"5":[0,6],"6":[0,6],"7":[0,0],"8":[0,0],"9":[4,2],"10":[0,2],"11":[2,0],"12":[0,2],"13":[0,0],"14":[0,2],"15":[0,0],"16":[0,0]}}
,"C:\\Users\\gdpal\\TrackFit\\src\\backend\\application\\service\\coach\\CreateCoachManagerService.ts": {"path":"C:\\Users\\gdpal\\TrackFit\\src\\backend\\application\\service\\coach\\CreateCoachManagerService.ts","statementMap":{"0":{"start":{"line":17,"column":13},"end":{"line":17,"column":null}},"1":{"start":{"line":15,"column":58},"end":{"line":15,"column":null}},"2":{"start":{"line":19,"column":21},"end":{"line":19,"column":51}},"3":{"start":{"line":20,"column":21},"end":{"line":20,"column":49}},"4":{"start":{"line":21,"column":21},"end":{"line":21,"column":65}},"5":{"start":{"line":22,"column":21},"end":{"line":22,"column":54}},"6":{"start":{"line":23,"column":21},"end":{"line":23,"column":56}},"7":{"start":{"line":24,"column":21},"end":{"line":24,"column":56}},"8":{"start":{"line":29,"column":4},"end":{"line":29,"column":null}},"9":{"start":{"line":29,"column":31},"end":{"line":29,"column":null}},"10":{"start":{"line":31,"column":17},"end":{"line":31,"column":null}},"11":{"start":{"line":34,"column":18},"end":{"line":34,"column":null}},"12":{"start":{"line":35,"column":4},"end":{"line":35,"column":null}},"13":{"start":{"line":35,"column":16},"end":{"line":35,"column":null}},"14":{"start":{"line":37,"column":4},"end":{"line":51,"column":null}},"15":{"start":{"line":38,"column":18},"end":{"line":38,"column":36}},"16":{"start":{"line":39,"column":27},"end":{"line":39,"column":63}},"17":{"start":{"line":40,"column":25},"end":{"line":40,"column":58}},"18":{"start":{"line":42,"column":26},"end":{"line":45,"column":null}},"19":{"start":{"line":43,"column":8},"end":{"line":45,"column":31}},"20":{"start":{"line":48,"column":6},"end":{"line":50,"column":null}},"21":{"start":{"line":49,"column":8},"end":{"line":49,"column":null}},"22":{"start":{"line":53,"column":23},"end":{"line":53,"column":null}},"23":{"start":{"line":54,"column":4},"end":{"line":54,"column":null}},"24":{"start":{"line":54,"column":31},"end":{"line":54,"column":null}},"25":{"start":{"line":56,"column":20},"end":{"line":56,"column":42}},"26":{"start":{"line":58,"column":25},"end":{"line":65,"column":null}},"27":{"start":{"line":70,"column":4},"end":{"line":91,"column":null}},"28":{"start":{"line":71,"column":21},"end":{"line":75,"column":null}},"29":{"start":{"line":77,"column":6},"end":{"line":84,"column":null}},"30":{"start":{"line":86,"column":6},"end":{"line":86,"column":null}},"31":{"start":{"line":89,"column":6},"end":{"line":89,"column":null}},"32":{"start":{"line":90,"column":6},"end":{"line":90,"column":null}},"33":{"start":{"line":93,"column":4},"end":{"line":93,"column":null}},"34":{"start":{"line":98,"column":25},"end":{"line":98,"column":null}},"35":{"start":{"line":99,"column":4},"end":{"line":99,"column":null}},"36":{"start":{"line":99,"column":23},"end":{"line":99,"column":null}},"37":{"start":{"line":101,"column":4},"end":{"line":108,"column":null}},"38":{"start":{"line":103,"column":6},"end":{"line":103,"column":null}},"39":{"start":{"line":107,"column":6},"end":{"line":107,"column":null}},"40":{"start":{"line":122,"column":25},"end":{"line":122,"column":null}},"41":{"start":{"line":123,"column":4},"end":{"line":123,"column":null}},"42":{"start":{"line":123,"column":23},"end":{"line":123,"column":null}},"43":{"start":{"line":125,"column":20},"end":{"line":125,"column":null}},"44":{"start":{"line":126,"column":27},"end":{"line":126,"column":null}},"45":{"start":{"line":127,"column":27},"end":{"line":127,"column":null}},"46":{"start":{"line":129,"column":4},"end":{"line":133,"column":null}},"47":{"start":{"line":130,"column":6},"end":{"line":131,"column":null}},"48":{"start":{"line":136,"column":4},"end":{"line":138,"column":null}},"49":{"start":{"line":141,"column":28},"end":{"line":146,"column":null}},"50":{"start":{"line":149,"column":31},"end":{"line":159,"column":null}},"51":{"start":{"line":162,"column":26},"end":{"line":184,"column":null}},"52":{"start":{"line":163,"column":6},"end":{"line":183,"column":null}},"53":{"start":{"line":164,"column":8},"end":{"line":182,"column":null}},"54":{"start":{"line":187,"column":4},"end":{"line":187,"column":null}},"55":{"start":{"line":192,"column":4},"end":{"line":192,"column":null}},"56":{"start":{"line":196,"column":19},"end":{"line":196,"column":null}},"57":{"start":{"line":197,"column":4},"end":{"line":197,"column":null}},"58":{"start":{"line":197,"column":17},"end":{"line":197,"column":null}},"59":{"start":{"line":200,"column":4},"end":{"line":202,"column":null}},"60":{"start":{"line":201,"column":6},"end":{"line":201,"column":null}},"61":{"start":{"line":205,"column":4},"end":{"line":205,"column":null}},"62":{"start":{"line":208,"column":4},"end":{"line":213,"column":null}},"63":{"start":{"line":218,"column":4},"end":{"line":218,"column":null}},"64":{"start":{"line":222,"column":4},"end":{"line":222,"column":null}},"65":{"start":{"line":226,"column":4},"end":{"line":226,"column":null}},"66":{"start":{"line":230,"column":4},"end":{"line":230,"column":null}},"67":{"start":{"line":234,"column":4},"end":{"line":234,"column":null}},"68":{"start":{"line":238,"column":4},"end":{"line":238,"column":null}}},"fnMap":{"0":{"name":"(anonymous_1)","decl":{"start":{"line":18,"column":2},"end":{"line":18,"column":null}},"loc":{"start":{"line":25,"column":4},"end":{"line":25,"column":null}}},"1":{"name":"(anonymous_2)","decl":{"start":{"line":28,"column":2},"end":{"line":28,"column":8}},"loc":{"start":{"line":28,"column":140},"end":{"line":94,"column":null}}},"2":{"name":"(anonymous_3)","decl":{"start":{"line":42,"column":51},"end":{"line":42,"column":null}},"loc":{"start":{"line":43,"column":8},"end":{"line":45,"column":31}}},"3":{"name":"(anonymous_4)","decl":{"start":{"line":97,"column":2},"end":{"line":97,"column":8}},"loc":{"start":{"line":97,"column":91},"end":{"line":109,"column":null}}},"4":{"name":"(anonymous_5)","decl":{"start":{"line":112,"column":2},"end":{"line":112,"column":8}},"loc":{"start":{"line":117,"column":19},"end":{"line":188,"column":null}}},"5":{"name":"(anonymous_6)","decl":{"start":{"line":162,"column":76},"end":{"line":162,"column":null}},"loc":{"start":{"line":162,"column":76},"end":{"line":184,"column":null}}},"6":{"name":"(anonymous_7)","decl":{"start":{"line":191,"column":2},"end":{"line":191,"column":8}},"loc":{"start":{"line":191,"column":58},"end":{"line":193,"column":null}}},"7":{"name":"(anonymous_8)","decl":{"start":{"line":195,"column":2},"end":{"line":195,"column":8}},"loc":{"start":{"line":195,"column":81},"end":{"line":214,"column":null}}},"8":{"name":"(anonymous_9)","decl":{"start":{"line":217,"column":2},"end":{"line":217,"column":8}},"loc":{"start":{"line":217,"column":63},"end":{"line":219,"column":null}}},"9":{"name":"(anonymous_10)","decl":{"start":{"line":221,"column":2},"end":{"line":221,"column":8}},"loc":{"start":{"line":221,"column":84},"end":{"line":223,"column":null}}},"10":{"name":"(anonymous_11)","decl":{"start":{"line":225,"column":2},"end":{"line":225,"column":8}},"loc":{"start":{"line":225,"column":60},"end":{"line":227,"column":null}}},"11":{"name":"(anonymous_12)","decl":{"start":{"line":229,"column":2},"end":{"line":229,"column":8}},"loc":{"start":{"line":229,"column":71},"end":{"line":231,"column":null}}},"12":{"name":"(anonymous_13)","decl":{"start":{"line":233,"column":2},"end":{"line":233,"column":8}},"loc":{"start":{"line":233,"column":69},"end":{"line":235,"column":null}}},"13":{"name":"(anonymous_14)","decl":{"start":{"line":237,"column":2},"end":{"line":237,"column":8}},"loc":{"start":{"line":237,"column":63},"end":{"line":239,"column":null}}}},"branchMap":{"0":{"loc":{"start":{"line":29,"column":4},"end":{"line":29,"column":null}},"type":"if","locations":[{"start":{"line":29,"column":4},"end":{"line":29,"column":null}},{"start":{},"end":{}}]},"1":{"loc":{"start":{"line":35,"column":4},"end":{"line":35,"column":null}},"type":"if","locations":[{"start":{"line":35,"column":4},"end":{"line":35,"column":null}},{"start":{},"end":{}}]},"2":{"loc":{"start":{"line":37,"column":4},"end":{"line":51,"column":null}},"type":"if","locations":[{"start":{"line":37,"column":4},"end":{"line":51,"column":null}},{"start":{},"end":{}}]},"3":{"loc":{"start":{"line":37,"column":8},"end":{"line":37,"column":63}},"type":"binary-expr","locations":[{"start":{"line":37,"column":8},"end":{"line":37,"column":27}},{"start":{"line":37,"column":31},"end":{"line":37,"column":63}}]},"4":{"loc":{"start":{"line":43,"column":8},"end":{"line":45,"column":31}},"type":"binary-expr","locations":[{"start":{"line":43,"column":8},"end":{"line":43,"column":null}},{"start":{"line":44,"column":8},"end":{"line":44,"column":35}},{"start":{"line":45,"column":8},"end":{"line":45,"column":31}}]},"5":{"loc":{"start":{"line":48,"column":6},"end":{"line":50,"column":null}},"type":"if","locations":[{"start":{"line":48,"column":6},"end":{"line":50,"column":null}},{"start":{},"end":{}}]},"6":{"loc":{"start":{"line":54,"column":4},"end":{"line":54,"column":null}},"type":"if","locations":[{"start":{"line":54,"column":4},"end":{"line":54,"column":null}},{"start":{},"end":{}}]},"7":{"loc":{"start":{"line":70,"column":4},"end":{"line":91,"column":null}},"type":"if","locations":[{"start":{"line":70,"column":4},"end":{"line":91,"column":null}},{"start":{"line":87,"column":11},"end":{"line":91,"column":null}}]},"8":{"loc":{"start":{"line":70,"column":8},"end":{"line":70,"column":47}},"type":"binary-expr","locations":[{"start":{"line":70,"column":8},"end":{"line":70,"column":27}},{"start":{"line":70,"column":31},"end":{"line":70,"column":47}}]},"9":{"loc":{"start":{"line":99,"column":4},"end":{"line":99,"column":null}},"type":"if","locations":[{"start":{"line":99,"column":4},"end":{"line":99,"column":null}},{"start":{},"end":{}}]},"10":{"loc":{"start":{"line":101,"column":4},"end":{"line":108,"column":null}},"type":"if","locations":[{"start":{"line":101,"column":4},"end":{"line":108,"column":null}},{"start":{"line":105,"column":11},"end":{"line":108,"column":null}}]},"11":{"loc":{"start":{"line":123,"column":4},"end":{"line":123,"column":null}},"type":"if","locations":[{"start":{"line":123,"column":4},"end":{"line":123,"column":null}},{"start":{},"end":{}}]},"12":{"loc":{"start":{"line":129,"column":4},"end":{"line":133,"column":null}},"type":"if","locations":[{"start":{"line":129,"column":4},"end":{"line":133,"column":null}},{"start":{},"end":{}}]},"13":{"loc":{"start":{"line":163,"column":6},"end":{"line":183,"column":null}},"type":"if","locations":[{"start":{"line":163,"column":6},"end":{"line":183,"column":null}},{"start":{},"end":{}}]},"14":{"loc":{"start":{"line":197,"column":4},"end":{"line":197,"column":null}},"type":"if","locations":[{"start":{"line":197,"column":4},"end":{"line":197,"column":null}},{"start":{},"end":{}}]},"15":{"loc":{"start":{"line":200,"column":4},"end":{"line":202,"column":null}},"type":"if","locations":[{"start":{"line":200,"column":4},"end":{"line":202,"column":null}},{"start":{},"end":{}}]},"16":{"loc":{"start":{"line":200,"column":8},"end":{"line":200,"column":54}},"type":"binary-expr","locations":[{"start":{"line":200,"column":8},"end":{"line":200,"column":22}},{"start":{"line":200,"column":26},"end":{"line":200,"column":54}}]}},"s":{"0":24,"1":1,"2":24,"3":24,"4":24,"5":24,"6":24,"7":24,"8":5,"9":1,"10":4,"11":4,"12":4,"13":1,"14":3,"15":0,"16":0,"17":0,"18":0,"19":0,"20":0,"21":0,"22":3,"23":3,"24":1,"25":2,"26":2,"27":2,"28":1,"29":1,"30":1,"31":1,"32":1,"33":2,"34":3,"35":3,"36":1,"37":2,"38":1,"39":1,"40":4,"41":4,"42":1,"43":3,"44":3,"45":3,"46":3,"47":1,"48":2,"49":2,"50":2,"51":2,"52":2,"53":2,"54":2,"55":2,"56":3,"57":3,"58":1,"59":2,"60":1,"61":1,"62":1,"63":1,"64":1,"65":1,"66":1,"67":1,"68":1},"f":{"0":24,"1":5,"2":0,"3":3,"4":4,"5":2,"6":2,"7":3,"8":1,"9":1,"10":1,"11":1,"12":1,"13":1},"b":{"0":[1,4],"1":[1,3],"2":[0,3],"3":[3,3],"4":[0,0,0],"5":[0,0],"6":[1,2],"7":[1,1],"8":[2,1],"9":[1,2],"10":[1,1],"11":[1,3],"12":[1,2],"13":[2,0],"14":[1,2],"15":[1,1],"16":[2,2]}}
,"C:\\Users\\gdpal\\TrackFit\\src\\backend\\application\\service\\gym\\CreateGymManagerService.ts": {"path":"C:\\Users\\gdpal\\TrackFit\\src\\backend\\application\\service\\gym\\CreateGymManagerService.ts","statementMap":{"0":{"start":{"line":37,"column":13},"end":{"line":37,"column":null}},"1":{"start":{"line":15,"column":71},"end":{"line":15,"column":null}},"2":{"start":{"line":16,"column":43},"end":{"line":16,"column":null}},"3":{"start":{"line":20,"column":18},"end":{"line":24,"column":null}},"4":{"start":{"line":21,"column":16},"end":{"line":21,"column":null}},"5":{"start":{"line":22,"column":4},"end":{"line":22,"column":null}},"6":{"start":{"line":22,"column":17},"end":{"line":22,"column":20}},"7":{"start":{"line":22,"column":43},"end":{"line":22,"column":null}},"8":{"start":{"line":23,"column":4},"end":{"line":23,"column":null}},"9":{"start":{"line":25,"column":12},"end":{"line":25,"column":null}},"10":{"start":{"line":26,"column":12},"end":{"line":26,"column":null}},"11":{"start":{"line":27,"column":21},"end":{"line":27,"column":null}},"12":{"start":{"line":28,"column":2},"end":{"line":28,"column":null}},"13":{"start":{"line":28,"column":19},"end":{"line":28,"column":49}},"14":{"start":{"line":28,"column":33},"end":{"line":28,"column":49}},"15":{"start":{"line":29,"column":2},"end":{"line":29,"column":46}},"16":{"start":{"line":34,"column":35},"end":{"line":34,"column":null}},"17":{"start":{"line":35,"column":27},"end":{"line":35,"column":32}},"18":{"start":{"line":39,"column":21},"end":{"line":39,"column":47}},"19":{"start":{"line":40,"column":21},"end":{"line":40,"column":56}},"20":{"start":{"line":41,"column":21},"end":{"line":41,"column":65}},"21":{"start":{"line":42,"column":21},"end":{"line":42,"column":54}},"22":{"start":{"line":43,"column":21},"end":{"line":43,"column":52}},"23":{"start":{"line":55,"column":25},"end":{"line":55,"column":null}},"24":{"start":{"line":56,"column":4},"end":{"line":56,"column":null}},"25":{"start":{"line":56,"column":22},"end":{"line":56,"column":null}},"26":{"start":{"line":59,"column":28},"end":{"line":59,"column":null}},"27":{"start":{"line":60,"column":4},"end":{"line":64,"column":null}},"28":{"start":{"line":61,"column":6},"end":{"line":62,"column":null}},"29":{"start":{"line":66,"column":22},"end":{"line":66,"column":null}},"30":{"start":{"line":68,"column":4},"end":{"line":73,"column":null}},"31":{"start":{"line":75,"column":4},"end":{"line":75,"column":null}},"32":{"start":{"line":86,"column":21},"end":{"line":86,"column":null}},"33":{"start":{"line":89,"column":20},"end":{"line":89,"column":null}},"34":{"start":{"line":90,"column":26},"end":{"line":90,"column":null}},"35":{"start":{"line":91,"column":31},"end":{"line":91,"column":null}},"36":{"start":{"line":92,"column":29},"end":{"line":92,"column":null}},"37":{"start":{"line":95,"column":31},"end":{"line":99,"column":null}},"38":{"start":{"line":101,"column":4},"end":{"line":124,"column":null}},"39":{"start":{"line":102,"column":6},"end":{"line":102,"column":null}},"40":{"start":{"line":103,"column":6},"end":{"line":103,"column":null}},"41":{"start":{"line":106,"column":6},"end":{"line":108,"column":null}},"42":{"start":{"line":107,"column":8},"end":{"line":107,"column":null}},"43":{"start":{"line":111,"column":43},"end":{"line":115,"column":null}},"44":{"start":{"line":117,"column":6},"end":{"line":119,"column":null}},"45":{"start":{"line":118,"column":8},"end":{"line":118,"column":null}},"46":{"start":{"line":121,"column":6},"end":{"line":121,"column":null}},"47":{"start":{"line":122,"column":6},"end":{"line":122,"column":null}},"48":{"start":{"line":123,"column":6},"end":{"line":123,"column":null}},"49":{"start":{"line":127,"column":36},"end":{"line":133,"column":null}},"50":{"start":{"line":135,"column":4},"end":{"line":137,"column":null}},"51":{"start":{"line":136,"column":6},"end":{"line":136,"column":null}},"52":{"start":{"line":140,"column":34},"end":{"line":145,"column":null}},"53":{"start":{"line":147,"column":4},"end":{"line":149,"column":null}},"54":{"start":{"line":148,"column":6},"end":{"line":148,"column":null}},"55":{"start":{"line":152,"column":25},"end":{"line":154,"column":null}},"56":{"start":{"line":156,"column":22},"end":{"line":158,"column":137}},"57":{"start":{"line":160,"column":4},"end":{"line":160,"column":null}},"58":{"start":{"line":163,"column":4},"end":{"line":168,"column":null}},"59":{"start":{"line":173,"column":4},"end":{"line":173,"column":null}},"60":{"start":{"line":177,"column":18},"end":{"line":177,"column":null}},"61":{"start":{"line":178,"column":4},"end":{"line":178,"column":null}},"62":{"start":{"line":178,"column":16},"end":{"line":178,"column":null}},"63":{"start":{"line":181,"column":25},"end":{"line":181,"column":null}},"64":{"start":{"line":182,"column":22},"end":{"line":182,"column":null}},"65":{"start":{"line":183,"column":18},"end":{"line":183,"column":null}},"66":{"start":{"line":185,"column":4},"end":{"line":192,"column":null}},"67":{"start":{"line":187,"column":8},"end":{"line":192,"column":null}},"68":{"start":{"line":196,"column":4},"end":{"line":196,"column":null}},"69":{"start":{"line":198,"column":4},"end":{"line":203,"column":null}},"70":{"start":{"line":208,"column":18},"end":{"line":208,"column":null}},"71":{"start":{"line":209,"column":4},"end":{"line":209,"column":null}},"72":{"start":{"line":209,"column":16},"end":{"line":209,"column":null}},"73":{"start":{"line":212,"column":16},"end":{"line":212,"column":null}},"74":{"start":{"line":213,"column":4},"end":{"line":215,"column":null}},"75":{"start":{"line":214,"column":6},"end":{"line":214,"column":null}},"76":{"start":{"line":218,"column":22},"end":{"line":218,"column":null}},"77":{"start":{"line":219,"column":4},"end":{"line":221,"column":null}},"78":{"start":{"line":220,"column":6},"end":{"line":220,"column":null}},"79":{"start":{"line":224,"column":30},"end":{"line":224,"column":null}},"80":{"start":{"line":225,"column":4},"end":{"line":235,"column":null}},"81":{"start":{"line":227,"column":20},"end":{"line":227,"column":null}},"82":{"start":{"line":228,"column":6},"end":{"line":233,"column":null}},"83":{"start":{"line":234,"column":6},"end":{"line":234,"column":null}},"84":{"start":{"line":237,"column":25},"end":{"line":244,"column":null}},"85":{"start":{"line":246,"column":4},"end":{"line":246,"column":null}},"86":{"start":{"line":251,"column":14},"end":{"line":251,"column":null}},"87":{"start":{"line":252,"column":4},"end":{"line":252,"column":null}},"88":{"start":{"line":252,"column":12},"end":{"line":252,"column":null}},"89":{"start":{"line":254,"column":23},"end":{"line":254,"column":null}},"90":{"start":{"line":256,"column":19},"end":{"line":256,"column":34}},"91":{"start":{"line":257,"column":4},"end":{"line":260,"column":null}},"92":{"start":{"line":259,"column":6},"end":{"line":259,"column":null}},"93":{"start":{"line":262,"column":23},"end":{"line":266,"column":null}},"94":{"start":{"line":268,"column":4},"end":{"line":293,"column":null}},"95":{"start":{"line":269,"column":6},"end":{"line":269,"column":null}},"96":{"start":{"line":272,"column":23},"end":{"line":272,"column":null}},"97":{"start":{"line":273,"column":6},"end":{"line":292,"column":null}},"98":{"start":{"line":275,"column":8},"end":{"line":282,"column":null}},"99":{"start":{"line":283,"column":8},"end":{"line":283,"column":null}},"100":{"start":{"line":286,"column":8},"end":{"line":291,"column":null}},"101":{"start":{"line":297,"column":4},"end":{"line":297,"column":null}},"102":{"start":{"line":301,"column":4},"end":{"line":301,"column":null}},"103":{"start":{"line":306,"column":4},"end":{"line":306,"column":null}},"104":{"start":{"line":310,"column":4},"end":{"line":310,"column":null}},"105":{"start":{"line":314,"column":4},"end":{"line":314,"column":null}},"106":{"start":{"line":318,"column":4},"end":{"line":318,"column":null}},"107":{"start":{"line":318,"column":24},"end":{"line":318,"column":null}},"108":{"start":{"line":319,"column":4},"end":{"line":319,"column":null}},"109":{"start":{"line":323,"column":4},"end":{"line":323,"column":null}},"110":{"start":{"line":327,"column":4},"end":{"line":327,"column":null}},"111":{"start":{"line":331,"column":4},"end":{"line":331,"column":null}}},"fnMap":{"0":{"name":"diceCoefficient","decl":{"start":{"line":19,"column":9},"end":{"line":19,"column":25}},"loc":{"start":{"line":19,"column":45},"end":{"line":30,"column":null}}},"1":{"name":"(anonymous_2)","decl":{"start":{"line":20,"column":18},"end":{"line":20,"column":19}},"loc":{"start":{"line":20,"column":19},"end":{"line":24,"column":null}}},"2":{"name":"(anonymous_3)","decl":{"start":{"line":28,"column":12},"end":{"line":28,"column":19}},"loc":{"start":{"line":28,"column":12},"end":{"line":28,"column":null}}},"3":{"name":"(anonymous_4)","decl":{"start":{"line":38,"column":2},"end":{"line":38,"column":null}},"loc":{"start":{"line":44,"column":4},"end":{"line":44,"column":null}}},"4":{"name":"(anonymous_5)","decl":{"start":{"line":47,"column":2},"end":{"line":47,"column":8}},"loc":{"start":{"line":53,"column":24},"end":{"line":76,"column":null}}},"5":{"name":"(anonymous_6)","decl":{"start":{"line":79,"column":2},"end":{"line":79,"column":8}},"loc":{"start":{"line":85,"column":19},"end":{"line":169,"column":null}}},"6":{"name":"(anonymous_7)","decl":{"start":{"line":172,"column":2},"end":{"line":172,"column":8}},"loc":{"start":{"line":172,"column":78},"end":{"line":174,"column":null}}},"7":{"name":"(anonymous_8)","decl":{"start":{"line":176,"column":2},"end":{"line":176,"column":8}},"loc":{"start":{"line":176,"column":73},"end":{"line":204,"column":null}}},"8":{"name":"(anonymous_9)","decl":{"start":{"line":186,"column":16},"end":{"line":186,"column":null}},"loc":{"start":{"line":187,"column":8},"end":{"line":192,"column":null}}},"9":{"name":"(anonymous_10)","decl":{"start":{"line":207,"column":2},"end":{"line":207,"column":8}},"loc":{"start":{"line":207,"column":85},"end":{"line":247,"column":null}}},"10":{"name":"(anonymous_11)","decl":{"start":{"line":250,"column":2},"end":{"line":250,"column":8}},"loc":{"start":{"line":250,"column":68},"end":{"line":294,"column":null}}},"11":{"name":"(anonymous_12)","decl":{"start":{"line":296,"column":2},"end":{"line":296,"column":8}},"loc":{"start":{"line":296,"column":65},"end":{"line":298,"column":null}}},"12":{"name":"(anonymous_13)","decl":{"start":{"line":300,"column":2},"end":{"line":300,"column":8}},"loc":{"start":{"line":300,"column":77},"end":{"line":302,"column":null}}},"13":{"name":"(anonymous_14)","decl":{"start":{"line":305,"column":2},"end":{"line":305,"column":8}},"loc":{"start":{"line":305,"column":74},"end":{"line":307,"column":null}}},"14":{"name":"(anonymous_15)","decl":{"start":{"line":309,"column":2},"end":{"line":309,"column":8}},"loc":{"start":{"line":309,"column":93},"end":{"line":311,"column":null}}},"15":{"name":"(anonymous_16)","decl":{"start":{"line":313,"column":2},"end":{"line":313,"column":8}},"loc":{"start":{"line":313,"column":68},"end":{"line":315,"column":null}}},"16":{"name":"(anonymous_17)","decl":{"start":{"line":317,"column":2},"end":{"line":317,"column":8}},"loc":{"start":{"line":317,"column":75},"end":{"line":320,"column":null}}},"17":{"name":"(anonymous_18)","decl":{"start":{"line":322,"column":2},"end":{"line":322,"column":8}},"loc":{"start":{"line":322,"column":103},"end":{"line":324,"column":null}}},"18":{"name":"(anonymous_19)","decl":{"start":{"line":326,"column":2},"end":{"line":326,"column":8}},"loc":{"start":{"line":326,"column":76},"end":{"line":328,"column":null}}},"19":{"name":"(anonymous_20)","decl":{"start":{"line":330,"column":2},"end":{"line":330,"column":8}},"loc":{"start":{"line":330,"column":58},"end":{"line":332,"column":null}}}},"branchMap":{"0":{"loc":{"start":{"line":28,"column":19},"end":{"line":28,"column":49}},"type":"if","locations":[{"start":{"line":28,"column":19},"end":{"line":28,"column":49}},{"start":{},"end":{}}]},"1":{"loc":{"start":{"line":56,"column":4},"end":{"line":56,"column":null}},"type":"if","locations":[{"start":{"line":56,"column":4},"end":{"line":56,"column":null}},{"start":{},"end":{}}]},"2":{"loc":{"start":{"line":60,"column":4},"end":{"line":64,"column":null}},"type":"if","locations":[{"start":{"line":60,"column":4},"end":{"line":64,"column":null}},{"start":{},"end":{}}]},"3":{"loc":{"start":{"line":101,"column":4},"end":{"line":124,"column":null}},"type":"if","locations":[{"start":{"line":101,"column":4},"end":{"line":124,"column":null}},{"start":{"line":109,"column":11},"end":{"line":124,"column":null}}]},"4":{"loc":{"start":{"line":106,"column":6},"end":{"line":108,"column":null}},"type":"if","locations":[{"start":{"line":106,"column":6},"end":{"line":108,"column":null}},{"start":{},"end":{}}]},"5":{"loc":{"start":{"line":117,"column":6},"end":{"line":119,"column":null}},"type":"if","locations":[{"start":{"line":117,"column":6},"end":{"line":119,"column":null}},{"start":{},"end":{}}]},"6":{"loc":{"start":{"line":130,"column":12},"end":{"line":130,"column":null}},"type":"cond-expr","locations":[{"start":{"line":130,"column":25},"end":{"line":130,"column":50}},{"start":{"line":130,"column":50},"end":{"line":130,"column":null}}]},"7":{"loc":{"start":{"line":130,"column":25},"end":{"line":130,"column":50}},"type":"binary-expr","locations":[{"start":{"line":130,"column":25},"end":{"line":130,"column":38}},{"start":{"line":130,"column":38},"end":{"line":130,"column":50}}]},"8":{"loc":{"start":{"line":130,"column":50},"end":{"line":130,"column":null}},"type":"binary-expr","locations":[{"start":{"line":130,"column":50},"end":{"line":130,"column":75}},{"start":{"line":130,"column":75},"end":{"line":130,"column":88}},{"start":{"line":130,"column":88},"end":{"line":130,"column":null}}]},"9":{"loc":{"start":{"line":131,"column":15},"end":{"line":131,"column":null}},"type":"cond-expr","locations":[{"start":{"line":131,"column":28},"end":{"line":131,"column":56}},{"start":{"line":131,"column":56},"end":{"line":131,"column":null}}]},"10":{"loc":{"start":{"line":131,"column":28},"end":{"line":131,"column":56}},"type":"binary-expr","locations":[{"start":{"line":131,"column":28},"end":{"line":131,"column":44}},{"start":{"line":131,"column":44},"end":{"line":131,"column":56}}]},"11":{"loc":{"start":{"line":131,"column":56},"end":{"line":131,"column":null}},"type":"binary-expr","locations":[{"start":{"line":131,"column":56},"end":{"line":131,"column":84}},{"start":{"line":131,"column":84},"end":{"line":131,"column":100}},{"start":{"line":131,"column":100},"end":{"line":131,"column":null}}]},"12":{"loc":{"start":{"line":135,"column":4},"end":{"line":137,"column":null}},"type":"if","locations":[{"start":{"line":135,"column":4},"end":{"line":137,"column":null}},{"start":{},"end":{}}]},"13":{"loc":{"start":{"line":147,"column":4},"end":{"line":149,"column":null}},"type":"if","locations":[{"start":{"line":147,"column":4},"end":{"line":149,"column":null}},{"start":{},"end":{}}]},"14":{"loc":{"start":{"line":152,"column":25},"end":{"line":154,"column":null}},"type":"cond-expr","locations":[{"start":{"line":153,"column":8},"end":{"line":153,"column":null}},{"start":{"line":154,"column":8},"end":{"line":154,"column":null}}]},"15":{"loc":{"start":{"line":156,"column":22},"end":{"line":158,"column":137}},"type":"cond-expr","locations":[{"start":{"line":157,"column":8},"end":{"line":157,"column":153}},{"start":{"line":158,"column":8},"end":{"line":158,"column":137}}]},"16":{"loc":{"start":{"line":178,"column":4},"end":{"line":178,"column":null}},"type":"if","locations":[{"start":{"line":178,"column":4},"end":{"line":178,"column":null}},{"start":{},"end":{}}]},"17":{"loc":{"start":{"line":209,"column":4},"end":{"line":209,"column":null}},"type":"if","locations":[{"start":{"line":209,"column":4},"end":{"line":209,"column":null}},{"start":{},"end":{}}]},"18":{"loc":{"start":{"line":213,"column":4},"end":{"line":215,"column":null}},"type":"if","locations":[{"start":{"line":213,"column":4},"end":{"line":215,"column":null}},{"start":{},"end":{}}]},"19":{"loc":{"start":{"line":213,"column":8},"end":{"line":213,"column":98}},"type":"binary-expr","locations":[{"start":{"line":213,"column":8},"end":{"line":213,"column":16}},{"start":{"line":213,"column":16},"end":{"line":213,"column":57}},{"start":{"line":213,"column":61},"end":{"line":213,"column":98}}]},"20":{"loc":{"start":{"line":219,"column":4},"end":{"line":221,"column":null}},"type":"if","locations":[{"start":{"line":219,"column":4},"end":{"line":221,"column":null}},{"start":{},"end":{}}]},"21":{"loc":{"start":{"line":225,"column":4},"end":{"line":235,"column":null}},"type":"if","locations":[{"start":{"line":225,"column":4},"end":{"line":235,"column":null}},{"start":{},"end":{}}]},"22":{"loc":{"start":{"line":252,"column":4},"end":{"line":252,"column":null}},"type":"if","locations":[{"start":{"line":252,"column":4},"end":{"line":252,"column":null}},{"start":{},"end":{}}]},"23":{"loc":{"start":{"line":257,"column":4},"end":{"line":260,"column":null}},"type":"if","locations":[{"start":{"line":257,"column":4},"end":{"line":260,"column":null}},{"start":{},"end":{}}]},"24":{"loc":{"start":{"line":268,"column":4},"end":{"line":293,"column":null}},"type":"if","locations":[{"start":{"line":268,"column":4},"end":{"line":293,"column":null}},{"start":{},"end":{}}]},"25":{"loc":{"start":{"line":273,"column":6},"end":{"line":292,"column":null}},"type":"if","locations":[{"start":{"line":273,"column":6},"end":{"line":292,"column":null}},{"start":{},"end":{}}]},"26":{"loc":{"start":{"line":318,"column":4},"end":{"line":318,"column":null}},"type":"if","locations":[{"start":{"line":318,"column":4},"end":{"line":318,"column":null}},{"start":{},"end":{}}]}},"s":{"0":24,"1":1,"2":1,"3":0,"4":0,"5":0,"6":0,"7":0,"8":0,"9":0,"10":0,"11":0,"12":0,"13":0,"14":0,"15":0,"16":1,"17":1,"18":24,"19":24,"20":24,"21":24,"22":24,"23":3,"24":3,"25":1,"26":2,"27":2,"28":1,"29":1,"30":1,"31":1,"32":0,"33":0,"34":0,"35":0,"36":0,"37":0,"38":0,"39":0,"40":0,"41":0,"42":0,"43":0,"44":0,"45":0,"46":0,"47":0,"48":0,"49":0,"50":0,"51":0,"52":0,"53":0,"54":0,"55":0,"56":0,"57":0,"58":0,"59":1,"60":2,"61":2,"62":1,"63":1,"64":1,"65":1,"66":1,"67":2,"68":1,"69":1,"70":5,"71":5,"72":1,"73":4,"74":4,"75":1,"76":3,"77":3,"78":1,"79":2,"80":2,"81":1,"82":1,"83":1,"84":1,"85":1,"86":4,"87":4,"88":1,"89":3,"90":3,"91":3,"92":1,"93":3,"94":3,"95":3,"96":3,"97":3,"98":1,"99":1,"100":1,"101":1,"102":1,"103":1,"104":1,"105":1,"106":1,"107":1,"108":0,"109":1,"110":1,"111":1},"f":{"0":0,"1":0,"2":0,"3":24,"4":3,"5":0,"6":1,"7":2,"8":2,"9":5,"10":4,"11":1,"12":1,"13":1,"14":1,"15":1,"16":1,"17":1,"18":1,"19":1},"b":{"0":[0,0],"1":[1,2],"2":[1,1],"3":[0,0],"4":[0,0],"5":[0,0],"6":[0,0],"7":[0,0],"8":[0,0,0],"9":[0,0],"10":[0,0],"11":[0,0,0],"12":[0,0],"13":[0,0],"14":[0,0],"15":[0,0],"16":[1,1],"17":[1,4],"18":[1,3],"19":[4,3,3],"20":[1,2],"21":[1,1],"22":[1,3],"23":[1,2],"24":[3,0],"25":[1,2],"26":[1,0]}}
,"C:\\Users\\gdpal\\TrackFit\\src\\backend\\application\\service\\report\\CreateReportManagerService.ts": {"path":"C:\\Users\\gdpal\\TrackFit\\src\\backend\\application\\service\\report\\CreateReportManagerService.ts","statementMap":{"0":{"start":{"line":12,"column":13},"end":{"line":12,"column":null}},"1":{"start":{"line":14,"column":21},"end":{"line":14,"column":53}},"2":{"start":{"line":15,"column":21},"end":{"line":15,"column":49}},"3":{"start":{"line":23,"column":19},"end":{"line":32,"column":null}},"4":{"start":{"line":33,"column":4},"end":{"line":33,"column":null}},"5":{"start":{"line":41,"column":19},"end":{"line":41,"column":null}},"6":{"start":{"line":43,"column":19},"end":{"line":52,"column":null}},"7":{"start":{"line":53,"column":4},"end":{"line":53,"column":null}},"8":{"start":{"line":61,"column":19},"end":{"line":70,"column":null}},"9":{"start":{"line":71,"column":4},"end":{"line":71,"column":null}},"10":{"start":{"line":77,"column":25},"end":{"line":77,"column":null}},"11":{"start":{"line":79,"column":19},"end":{"line":88,"column":null}},"12":{"start":{"line":89,"column":4},"end":{"line":89,"column":null}},"13":{"start":{"line":94,"column":20},"end":{"line":94,"column":null}},"14":{"start":{"line":95,"column":19},"end":{"line":97,"column":null}},"15":{"start":{"line":96,"column":17},"end":{"line":96,"column":null}},"16":{"start":{"line":98,"column":4},"end":{"line":98,"column":null}}},"fnMap":{"0":{"name":"(anonymous_1)","decl":{"start":{"line":13,"column":2},"end":{"line":13,"column":null}},"loc":{"start":{"line":16,"column":4},"end":{"line":16,"column":null}}},"1":{"name":"(anonymous_2)","decl":{"start":{"line":19,"column":2},"end":{"line":19,"column":8}},"loc":{"start":{"line":19,"column":91},"end":{"line":34,"column":null}}},"2":{"name":"(anonymous_3)","decl":{"start":{"line":37,"column":2},"end":{"line":37,"column":8}},"loc":{"start":{"line":37,"column":77},"end":{"line":54,"column":null}}},"3":{"name":"(anonymous_4)","decl":{"start":{"line":57,"column":2},"end":{"line":57,"column":8}},"loc":{"start":{"line":57,"column":83},"end":{"line":72,"column":null}}},"4":{"name":"(anonymous_5)","decl":{"start":{"line":75,"column":2},"end":{"line":75,"column":8}},"loc":{"start":{"line":75,"column":60},"end":{"line":90,"column":null}}},"5":{"name":"(anonymous_6)","decl":{"start":{"line":93,"column":2},"end":{"line":93,"column":12}},"loc":{"start":{"line":93,"column":36},"end":{"line":99,"column":null}}},"6":{"name":"(anonymous_7)","decl":{"start":{"line":96,"column":11},"end":{"line":96,"column":17}},"loc":{"start":{"line":96,"column":17},"end":{"line":96,"column":null}}}},"branchMap":{"0":{"loc":{"start":{"line":96,"column":17},"end":{"line":96,"column":null}},"type":"cond-expr","locations":[{"start":{"line":96,"column":49},"end":{"line":96,"column":54}},{"start":{"line":96,"column":54},"end":{"line":96,"column":null}}]},"1":{"loc":{"start":{"line":96,"column":17},"end":{"line":96,"column":49}},"type":"binary-expr","locations":[{"start":{"line":96,"column":17},"end":{"line":96,"column":31}},{"start":{"line":96,"column":31},"end":{"line":96,"column":49}}]}},"s":{"0":9,"1":9,"2":9,"3":2,"4":2,"5":2,"6":2,"7":2,"8":1,"9":1,"10":1,"11":1,"12":1,"13":3,"14":3,"15":27,"16":3},"f":{"0":9,"1":2,"2":2,"3":1,"4":1,"5":3,"6":27},"b":{"0":[1,26],"1":[27,27]}}
,"C:\\Users\\gdpal\\TrackFit\\src\\backend\\application\\service\\subscription\\CreateSubscriptionManagerService.ts": {"path":"C:\\Users\\gdpal\\TrackFit\\src\\backend\\application\\service\\subscription\\CreateSubscriptionManagerService.ts","statementMap":{"0":{"start":{"line":18,"column":13},"end":{"line":18,"column":null}},"1":{"start":{"line":15,"column":57},"end":{"line":15,"column":null}},"2":{"start":{"line":16,"column":19},"end":{"line":16,"column":null}},"3":{"start":{"line":20,"column":21},"end":{"line":20,"column":56}},"4":{"start":{"line":21,"column":21},"end":{"line":21,"column":55}},"5":{"start":{"line":22,"column":21},"end":{"line":22,"column":55}},"6":{"start":{"line":23,"column":21},"end":{"line":23,"column":53}},"7":{"start":{"line":24,"column":21},"end":{"line":24,"column":54}},"8":{"start":{"line":29,"column":17},"end":{"line":29,"column":null}},"9":{"start":{"line":30,"column":4},"end":{"line":30,"column":null}},"10":{"start":{"line":30,"column":15},"end":{"line":30,"column":null}},"11":{"start":{"line":32,"column":18},"end":{"line":32,"column":29}},"12":{"start":{"line":33,"column":21},"end":{"line":33,"column":36}},"13":{"start":{"line":36,"column":4},"end":{"line":58,"column":null}},"14":{"start":{"line":37,"column":21},"end":{"line":37,"column":null}},"15":{"start":{"line":38,"column":6},"end":{"line":38,"column":null}},"16":{"start":{"line":38,"column":19},"end":{"line":38,"column":null}},"17":{"start":{"line":39,"column":6},"end":{"line":39,"column":null}},"18":{"start":{"line":39,"column":50},"end":{"line":39,"column":null}},"19":{"start":{"line":40,"column":6},"end":{"line":40,"column":null}},"20":{"start":{"line":40,"column":75},"end":{"line":40,"column":null}},"21":{"start":{"line":43,"column":33},"end":{"line":43,"column":null}},"22":{"start":{"line":44,"column":6},"end":{"line":46,"column":null}},"23":{"start":{"line":45,"column":8},"end":{"line":45,"column":null}},"24":{"start":{"line":49,"column":6},"end":{"line":49,"column":null}},"25":{"start":{"line":52,"column":6},"end":{"line":57,"column":null}},"26":{"start":{"line":61,"column":56},"end":{"line":62,"column":null}},"27":{"start":{"line":68,"column":19},"end":{"line":68,"column":null}},"28":{"start":{"line":69,"column":23},"end":{"line":69,"column":null}},"29":{"start":{"line":70,"column":21},"end":{"line":70,"column":null}},"30":{"start":{"line":71,"column":4},"end":{"line":71,"column":null}},"31":{"start":{"line":74,"column":20},"end":{"line":83,"column":null}},"32":{"start":{"line":85,"column":24},"end":{"line":95,"column":null}},"33":{"start":{"line":98,"column":4},"end":{"line":98,"column":null}},"34":{"start":{"line":101,"column":4},"end":{"line":106,"column":null}},"35":{"start":{"line":109,"column":4},"end":{"line":109,"column":null}},"36":{"start":{"line":114,"column":16},"end":{"line":114,"column":null}},"37":{"start":{"line":115,"column":4},"end":{"line":115,"column":null}},"38":{"start":{"line":115,"column":14},"end":{"line":115,"column":null}},"39":{"start":{"line":116,"column":4},"end":{"line":116,"column":null}},"40":{"start":{"line":116,"column":31},"end":{"line":116,"column":null}},"41":{"start":{"line":118,"column":23},"end":{"line":118,"column":null}},"42":{"start":{"line":120,"column":4},"end":{"line":125,"column":null}},"43":{"start":{"line":127,"column":4},"end":{"line":127,"column":null}},"44":{"start":{"line":132,"column":16},"end":{"line":132,"column":null}},"45":{"start":{"line":133,"column":4},"end":{"line":133,"column":null}},"46":{"start":{"line":133,"column":14},"end":{"line":133,"column":null}},"47":{"start":{"line":136,"column":21},"end":{"line":136,"column":null}},"48":{"start":{"line":137,"column":22},"end":{"line":137,"column":null}},"49":{"start":{"line":138,"column":21},"end":{"line":138,"column":null}},"50":{"start":{"line":139,"column":4},"end":{"line":141,"column":null}},"51":{"start":{"line":140,"column":6},"end":{"line":140,"column":null}},"52":{"start":{"line":143,"column":4},"end":{"line":143,"column":null}},"53":{"start":{"line":148,"column":16},"end":{"line":148,"column":null}},"54":{"start":{"line":149,"column":4},"end":{"line":149,"column":null}},"55":{"start":{"line":149,"column":14},"end":{"line":149,"column":null}},"56":{"start":{"line":150,"column":4},"end":{"line":150,"column":null}},"57":{"start":{"line":150,"column":51},"end":{"line":150,"column":null}},"58":{"start":{"line":151,"column":4},"end":{"line":151,"column":null}},"59":{"start":{"line":151,"column":45},"end":{"line":151,"column":null}},"60":{"start":{"line":152,"column":4},"end":{"line":152,"column":null}},"61":{"start":{"line":152,"column":60},"end":{"line":152,"column":null}},"62":{"start":{"line":153,"column":4},"end":{"line":153,"column":null}},"63":{"start":{"line":158,"column":4},"end":{"line":158,"column":null}}},"fnMap":{"0":{"name":"(anonymous_2)","decl":{"start":{"line":19,"column":2},"end":{"line":19,"column":null}},"loc":{"start":{"line":25,"column":4},"end":{"line":25,"column":null}}},"1":{"name":"(anonymous_3)","decl":{"start":{"line":28,"column":2},"end":{"line":28,"column":8}},"loc":{"start":{"line":28,"column":103},"end":{"line":110,"column":null}}},"2":{"name":"(anonymous_4)","decl":{"start":{"line":113,"column":2},"end":{"line":113,"column":8}},"loc":{"start":{"line":113,"column":111},"end":{"line":128,"column":null}}},"3":{"name":"(anonymous_5)","decl":{"start":{"line":131,"column":2},"end":{"line":131,"column":8}},"loc":{"start":{"line":131,"column":66},"end":{"line":144,"column":null}}},"4":{"name":"(anonymous_6)","decl":{"start":{"line":147,"column":2},"end":{"line":147,"column":8}},"loc":{"start":{"line":147,"column":77},"end":{"line":154,"column":null}}},"5":{"name":"(anonymous_7)","decl":{"start":{"line":157,"column":2},"end":{"line":157,"column":8}},"loc":{"start":{"line":157,"column":68},"end":{"line":159,"column":null}}}},"branchMap":{"0":{"loc":{"start":{"line":30,"column":4},"end":{"line":30,"column":null}},"type":"if","locations":[{"start":{"line":30,"column":4},"end":{"line":30,"column":null}},{"start":{},"end":{}}]},"1":{"loc":{"start":{"line":36,"column":4},"end":{"line":58,"column":null}},"type":"if","locations":[{"start":{"line":36,"column":4},"end":{"line":58,"column":null}},{"start":{},"end":{}}]},"2":{"loc":{"start":{"line":38,"column":6},"end":{"line":38,"column":null}},"type":"if","locations":[{"start":{"line":38,"column":6},"end":{"line":38,"column":null}},{"start":{},"end":{}}]},"3":{"loc":{"start":{"line":39,"column":6},"end":{"line":39,"column":null}},"type":"if","locations":[{"start":{"line":39,"column":6},"end":{"line":39,"column":null}},{"start":{},"end":{}}]},"4":{"loc":{"start":{"line":40,"column":6},"end":{"line":40,"column":null}},"type":"if","locations":[{"start":{"line":40,"column":6},"end":{"line":40,"column":null}},{"start":{},"end":{}}]},"5":{"loc":{"start":{"line":40,"column":10},"end":{"line":40,"column":75}},"type":"binary-expr","locations":[{"start":{"line":40,"column":10},"end":{"line":40,"column":34}},{"start":{"line":40,"column":38},"end":{"line":40,"column":75}}]},"6":{"loc":{"start":{"line":44,"column":6},"end":{"line":46,"column":null}},"type":"if","locations":[{"start":{"line":44,"column":6},"end":{"line":46,"column":null}},{"start":{},"end":{}}]},"7":{"loc":{"start":{"line":115,"column":4},"end":{"line":115,"column":null}},"type":"if","locations":[{"start":{"line":115,"column":4},"end":{"line":115,"column":null}},{"start":{},"end":{}}]},"8":{"loc":{"start":{"line":116,"column":4},"end":{"line":116,"column":null}},"type":"if","locations":[{"start":{"line":116,"column":4},"end":{"line":116,"column":null}},{"start":{},"end":{}}]},"9":{"loc":{"start":{"line":122,"column":14},"end":{"line":122,"column":null}},"type":"cond-expr","locations":[{"start":{"line":122,"column":23},"end":{"line":122,"column":48}},{"start":{"line":122,"column":48},"end":{"line":122,"column":null}}]},"10":{"loc":{"start":{"line":133,"column":4},"end":{"line":133,"column":null}},"type":"if","locations":[{"start":{"line":133,"column":4},"end":{"line":133,"column":null}},{"start":{},"end":{}}]},"11":{"loc":{"start":{"line":139,"column":4},"end":{"line":141,"column":null}},"type":"if","locations":[{"start":{"line":139,"column":4},"end":{"line":141,"column":null}},{"start":{},"end":{}}]},"12":{"loc":{"start":{"line":149,"column":4},"end":{"line":149,"column":null}},"type":"if","locations":[{"start":{"line":149,"column":4},"end":{"line":149,"column":null}},{"start":{},"end":{}}]},"13":{"loc":{"start":{"line":150,"column":4},"end":{"line":150,"column":null}},"type":"if","locations":[{"start":{"line":150,"column":4},"end":{"line":150,"column":null}},{"start":{},"end":{}}]},"14":{"loc":{"start":{"line":151,"column":4},"end":{"line":151,"column":null}},"type":"if","locations":[{"start":{"line":151,"column":4},"end":{"line":151,"column":null}},{"start":{},"end":{}}]},"15":{"loc":{"start":{"line":152,"column":4},"end":{"line":152,"column":null}},"type":"if","locations":[{"start":{"line":152,"column":4},"end":{"line":152,"column":null}},{"start":{},"end":{}}]},"16":{"loc":{"start":{"line":152,"column":8},"end":{"line":152,"column":60}},"type":"binary-expr","locations":[{"start":{"line":152,"column":8},"end":{"line":152,"column":23}},{"start":{"line":152,"column":27},"end":{"line":152,"column":60}}]}},"s":{"0":12,"1":2,"2":2,"3":12,"4":12,"5":12,"6":12,"7":12,"8":12,"9":12,"10":2,"11":10,"12":10,"13":10,"14":10,"15":10,"16":2,"17":8,"18":2,"19":6,"20":2,"21":4,"22":4,"23":2,"24":2,"25":2,"26":2,"27":2,"28":2,"29":2,"30":2,"31":2,"32":2,"33":2,"34":2,"35":2,"36":0,"37":0,"38":0,"39":0,"40":0,"41":0,"42":0,"43":0,"44":0,"45":0,"46":0,"47":0,"48":0,"49":0,"50":0,"51":0,"52":0,"53":0,"54":0,"55":0,"56":0,"57":0,"58":0,"59":0,"60":0,"61":0,"62":0,"63":0},"f":{"0":12,"1":12,"2":0,"3":0,"4":0,"5":0},"b":{"0":[2,10],"1":[10,0],"2":[2,8],"3":[2,6],"4":[2,4],"5":[6,2],"6":[2,2],"7":[0,0],"8":[0,0],"9":[0,0],"10":[0,0],"11":[0,0],"12":[0,0],"13":[0,0],"14":[0,0],"15":[0,0],"16":[0,0]}}
,"C:\\Users\\gdpal\\TrackFit\\src\\backend\\application\\service\\user\\CreateUserManagerService.ts": {"path":"C:\\Users\\gdpal\\TrackFit\\src\\backend\\application\\service\\user\\CreateUserManagerService.ts","statementMap":{"0":{"start":{"line":14,"column":13},"end":{"line":14,"column":null}},"1":{"start":{"line":9,"column":26},"end":{"line":9,"column":null}},"2":{"start":{"line":12,"column":43},"end":{"line":12,"column":null}},"3":{"start":{"line":15,"column":31},"end":{"line":15,"column":59}},"4":{"start":{"line":18,"column":4},"end":{"line":18,"column":null}},"5":{"start":{"line":18,"column":50},"end":{"line":18,"column":null}},"6":{"start":{"line":20,"column":21},"end":{"line":20,"column":null}},"7":{"start":{"line":21,"column":28},"end":{"line":25,"column":null}},"8":{"start":{"line":27,"column":4},"end":{"line":27,"column":null}},"9":{"start":{"line":27,"column":15},"end":{"line":27,"column":null}},"10":{"start":{"line":30,"column":17},"end":{"line":30,"column":null}},"11":{"start":{"line":31,"column":4},"end":{"line":33,"column":null}},"12":{"start":{"line":32,"column":6},"end":{"line":32,"column":null}},"13":{"start":{"line":34,"column":4},"end":{"line":34,"column":null}},"14":{"start":{"line":38,"column":17},"end":{"line":38,"column":null}},"15":{"start":{"line":39,"column":4},"end":{"line":39,"column":null}},"16":{"start":{"line":39,"column":15},"end":{"line":39,"column":null}},"17":{"start":{"line":40,"column":4},"end":{"line":40,"column":null}},"18":{"start":{"line":44,"column":4},"end":{"line":44,"column":null}},"19":{"start":{"line":48,"column":21},"end":{"line":48,"column":null}},"20":{"start":{"line":49,"column":4},"end":{"line":49,"column":null}},"21":{"start":{"line":50,"column":4},"end":{"line":50,"column":null}},"22":{"start":{"line":54,"column":4},"end":{"line":54,"column":null}},"23":{"start":{"line":58,"column":4},"end":{"line":58,"column":null}},"24":{"start":{"line":63,"column":4},"end":{"line":63,"column":null}},"25":{"start":{"line":63,"column":15},"end":{"line":63,"column":null}},"26":{"start":{"line":64,"column":4},"end":{"line":64,"column":null}},"27":{"start":{"line":68,"column":21},"end":{"line":68,"column":null}},"28":{"start":{"line":70,"column":23},"end":{"line":70,"column":null}},"29":{"start":{"line":73,"column":4},"end":{"line":83,"column":null}},"30":{"start":{"line":74,"column":33},"end":{"line":74,"column":null}},"31":{"start":{"line":75,"column":6},"end":{"line":77,"column":null}},"32":{"start":{"line":76,"column":8},"end":{"line":76,"column":null}},"33":{"start":{"line":78,"column":11},"end":{"line":83,"column":null}},"34":{"start":{"line":79,"column":33},"end":{"line":79,"column":null}},"35":{"start":{"line":80,"column":6},"end":{"line":82,"column":null}},"36":{"start":{"line":81,"column":8},"end":{"line":81,"column":null}},"37":{"start":{"line":85,"column":4},"end":{"line":85,"column":null}}},"fnMap":{"0":{"name":"(anonymous_1)","decl":{"start":{"line":15,"column":2},"end":{"line":15,"column":14}},"loc":{"start":{"line":15,"column":61},"end":{"line":15,"column":null}}},"1":{"name":"(anonymous_2)","decl":{"start":{"line":17,"column":2},"end":{"line":17,"column":8}},"loc":{"start":{"line":17,"column":120},"end":{"line":35,"column":null}}},"2":{"name":"(anonymous_3)","decl":{"start":{"line":37,"column":2},"end":{"line":37,"column":8}},"loc":{"start":{"line":37,"column":49},"end":{"line":41,"column":null}}},"3":{"name":"(anonymous_4)","decl":{"start":{"line":43,"column":2},"end":{"line":43,"column":8}},"loc":{"start":{"line":43,"column":84},"end":{"line":45,"column":null}}},"4":{"name":"(anonymous_5)","decl":{"start":{"line":47,"column":2},"end":{"line":47,"column":8}},"loc":{"start":{"line":47,"column":53},"end":{"line":51,"column":null}}},"5":{"name":"(anonymous_6)","decl":{"start":{"line":53,"column":2},"end":{"line":53,"column":8}},"loc":{"start":{"line":53,"column":69},"end":{"line":55,"column":null}}},"6":{"name":"(anonymous_7)","decl":{"start":{"line":57,"column":2},"end":{"line":57,"column":8}},"loc":{"start":{"line":57,"column":94},"end":{"line":59,"column":null}}},"7":{"name":"(anonymous_8)","decl":{"start":{"line":62,"column":2},"end":{"line":62,"column":8}},"loc":{"start":{"line":62,"column":59},"end":{"line":65,"column":null}}},"8":{"name":"(anonymous_9)","decl":{"start":{"line":67,"column":2},"end":{"line":67,"column":8}},"loc":{"start":{"line":67,"column":69},"end":{"line":86,"column":null}}}},"branchMap":{"0":{"loc":{"start":{"line":18,"column":4},"end":{"line":18,"column":null}},"type":"if","locations":[{"start":{"line":18,"column":4},"end":{"line":18,"column":null}},{"start":{},"end":{}}]},"1":{"loc":{"start":{"line":18,"column":8},"end":{"line":18,"column":50}},"type":"binary-expr","locations":[{"start":{"line":18,"column":8},"end":{"line":18,"column":18}},{"start":{"line":18,"column":18},"end":{"line":18,"column":31}},{"start":{"line":18,"column":31},"end":{"line":18,"column":40}},{"start":{"line":18,"column":40},"end":{"line":18,"column":50}}]},"2":{"loc":{"start":{"line":27,"column":4},"end":{"line":27,"column":null}},"type":"if","locations":[{"start":{"line":27,"column":4},"end":{"line":27,"column":null}},{"start":{},"end":{}}]},"3":{"loc":{"start":{"line":31,"column":4},"end":{"line":33,"column":null}},"type":"if","locations":[{"start":{"line":31,"column":4},"end":{"line":33,"column":null}},{"start":{},"end":{}}]},"4":{"loc":{"start":{"line":39,"column":4},"end":{"line":39,"column":null}},"type":"if","locations":[{"start":{"line":39,"column":4},"end":{"line":39,"column":null}},{"start":{},"end":{}}]},"5":{"loc":{"start":{"line":63,"column":4},"end":{"line":63,"column":null}},"type":"if","locations":[{"start":{"line":63,"column":4},"end":{"line":63,"column":null}},{"start":{},"end":{}}]},"6":{"loc":{"start":{"line":73,"column":4},"end":{"line":83,"column":null}},"type":"if","locations":[{"start":{"line":73,"column":4},"end":{"line":83,"column":null}},{"start":{"line":78,"column":11},"end":{"line":83,"column":null}}]},"7":{"loc":{"start":{"line":75,"column":6},"end":{"line":77,"column":null}},"type":"if","locations":[{"start":{"line":75,"column":6},"end":{"line":77,"column":null}},{"start":{},"end":{}}]},"8":{"loc":{"start":{"line":78,"column":11},"end":{"line":83,"column":null}},"type":"if","locations":[{"start":{"line":78,"column":11},"end":{"line":83,"column":null}},{"start":{},"end":{}}]},"9":{"loc":{"start":{"line":80,"column":6},"end":{"line":82,"column":null}},"type":"if","locations":[{"start":{"line":80,"column":6},"end":{"line":82,"column":null}},{"start":{},"end":{}}]}},"s":{"0":20,"1":3,"2":3,"3":20,"4":10,"5":3,"6":7,"7":7,"8":7,"9":3,"10":4,"11":4,"12":3,"13":1,"14":2,"15":2,"16":1,"17":1,"18":1,"19":1,"20":1,"21":1,"22":1,"23":1,"24":2,"25":1,"26":1,"27":2,"28":2,"29":2,"30":1,"31":1,"32":1,"33":1,"34":0,"35":0,"36":0,"37":2},"f":{"0":20,"1":10,"2":2,"3":1,"4":1,"5":1,"6":1,"7":2,"8":2},"b":{"0":[3,7],"1":[10,9,9,7],"2":[3,4],"3":[3,1],"4":[1,1],"5":[1,1],"6":[1,1],"7":[1,0],"8":[0,1],"9":[0,0]}}
,"C:\\Users\\gdpal\\TrackFit\\src\\backend\\application\\service\\workout\\CreateWorkoutManagerService.ts": {"path":"C:\\Users\\gdpal\\TrackFit\\src\\backend\\application\\service\\workout\\CreateWorkoutManagerService.ts","statementMap":{"0":{"start":{"line":14,"column":13},"end":{"line":14,"column":null}},"1":{"start":{"line":12,"column":33},"end":{"line":12,"column":null}},"2":{"start":{"line":16,"column":25},"end":{"line":16,"column":59}},"3":{"start":{"line":17,"column":25},"end":{"line":17,"column":69}},"4":{"start":{"line":18,"column":25},"end":{"line":18,"column":58}},"5":{"start":{"line":28,"column":8},"end":{"line":30,"column":null}},"6":{"start":{"line":29,"column":12},"end":{"line":29,"column":null}},"7":{"start":{"line":31,"column":8},"end":{"line":33,"column":null}},"8":{"start":{"line":32,"column":12},"end":{"line":32,"column":null}},"9":{"start":{"line":35,"column":24},"end":{"line":43,"column":null}},"10":{"start":{"line":46,"column":29},"end":{"line":46,"column":null}},"11":{"start":{"line":47,"column":8},"end":{"line":47,"column":null}},"12":{"start":{"line":49,"column":8},"end":{"line":49,"column":null}},"13":{"start":{"line":53,"column":23},"end":{"line":53,"column":null}},"14":{"start":{"line":54,"column":8},"end":{"line":54,"column":null}},"15":{"start":{"line":54,"column":21},"end":{"line":54,"column":null}},"16":{"start":{"line":56,"column":8},"end":{"line":60,"column":null}},"17":{"start":{"line":64,"column":24},"end":{"line":64,"column":null}},"18":{"start":{"line":65,"column":8},"end":{"line":65,"column":null}},"19":{"start":{"line":65,"column":22},"end":{"line":65,"column":null}},"20":{"start":{"line":66,"column":8},"end":{"line":66,"column":null}},"21":{"start":{"line":70,"column":8},"end":{"line":70,"column":null}},"22":{"start":{"line":74,"column":8},"end":{"line":74,"column":null}},"23":{"start":{"line":78,"column":8},"end":{"line":78,"column":null}},"24":{"start":{"line":78,"column":33},"end":{"line":78,"column":null}},"25":{"start":{"line":80,"column":24},"end":{"line":80,"column":null}},"26":{"start":{"line":81,"column":8},"end":{"line":83,"column":null}},"27":{"start":{"line":82,"column":12},"end":{"line":82,"column":null}},"28":{"start":{"line":88,"column":26},"end":{"line":88,"column":null}},"29":{"start":{"line":89,"column":8},"end":{"line":89,"column":null}},"30":{"start":{"line":89,"column":23},"end":{"line":89,"column":null}},"31":{"start":{"line":91,"column":8},"end":{"line":100,"column":null}},"32":{"start":{"line":104,"column":8},"end":{"line":104,"column":null}},"33":{"start":{"line":108,"column":8},"end":{"line":108,"column":null}},"34":{"start":{"line":112,"column":8},"end":{"line":112,"column":null}},"35":{"start":{"line":112,"column":37},"end":{"line":112,"column":null}},"36":{"start":{"line":113,"column":8},"end":{"line":113,"column":null}},"37":{"start":{"line":117,"column":8},"end":{"line":117,"column":null}}},"fnMap":{"0":{"name":"(anonymous_1)","decl":{"start":{"line":15,"column":4},"end":{"line":15,"column":null}},"loc":{"start":{"line":19,"column":6},"end":{"line":19,"column":null}}},"1":{"name":"(anonymous_2)","decl":{"start":{"line":21,"column":4},"end":{"line":21,"column":10}},"loc":{"start":{"line":27,"column":24},"end":{"line":50,"column":null}}},"2":{"name":"(anonymous_3)","decl":{"start":{"line":52,"column":4},"end":{"line":52,"column":10}},"loc":{"start":{"line":52,"column":99},"end":{"line":61,"column":null}}},"3":{"name":"(anonymous_4)","decl":{"start":{"line":63,"column":4},"end":{"line":63,"column":10}},"loc":{"start":{"line":63,"column":64},"end":{"line":67,"column":null}}},"4":{"name":"(anonymous_5)","decl":{"start":{"line":69,"column":4},"end":{"line":69,"column":10}},"loc":{"start":{"line":69,"column":64},"end":{"line":71,"column":null}}},"5":{"name":"(anonymous_6)","decl":{"start":{"line":73,"column":4},"end":{"line":73,"column":10}},"loc":{"start":{"line":73,"column":61},"end":{"line":75,"column":null}}},"6":{"name":"(anonymous_7)","decl":{"start":{"line":77,"column":4},"end":{"line":77,"column":10}},"loc":{"start":{"line":77,"column":96},"end":{"line":84,"column":null}}},"7":{"name":"(anonymous_8)","decl":{"start":{"line":86,"column":4},"end":{"line":86,"column":10}},"loc":{"start":{"line":86,"column":127},"end":{"line":101,"column":null}}},"8":{"name":"(anonymous_9)","decl":{"start":{"line":103,"column":4},"end":{"line":103,"column":10}},"loc":{"start":{"line":103,"column":64},"end":{"line":105,"column":null}}},"9":{"name":"(anonymous_10)","decl":{"start":{"line":107,"column":4},"end":{"line":107,"column":10}},"loc":{"start":{"line":107,"column":64},"end":{"line":109,"column":null}}},"10":{"name":"(anonymous_11)","decl":{"start":{"line":111,"column":4},"end":{"line":111,"column":10}},"loc":{"start":{"line":111,"column":73},"end":{"line":114,"column":null}}},"11":{"name":"(anonymous_12)","decl":{"start":{"line":116,"column":4},"end":{"line":116,"column":10}},"loc":{"start":{"line":116,"column":53},"end":{"line":118,"column":null}}}},"branchMap":{"0":{"loc":{"start":{"line":28,"column":8},"end":{"line":30,"column":null}},"type":"if","locations":[{"start":{"line":28,"column":8},"end":{"line":30,"column":null}},{"start":{},"end":{}}]},"1":{"loc":{"start":{"line":28,"column":12},"end":{"line":28,"column":57}},"type":"binary-expr","locations":[{"start":{"line":28,"column":12},"end":{"line":28,"column":23}},{"start":{"line":28,"column":23},"end":{"line":28,"column":32}},{"start":{"line":28,"column":32},"end":{"line":28,"column":44}},{"start":{"line":28,"column":44},"end":{"line":28,"column":57}}]},"2":{"loc":{"start":{"line":31,"column":8},"end":{"line":33,"column":null}},"type":"if","locations":[{"start":{"line":31,"column":8},"end":{"line":33,"column":null}},{"start":{},"end":{}}]},"3":{"loc":{"start":{"line":54,"column":8},"end":{"line":54,"column":null}},"type":"if","locations":[{"start":{"line":54,"column":8},"end":{"line":54,"column":null}},{"start":{},"end":{}}]},"4":{"loc":{"start":{"line":65,"column":8},"end":{"line":65,"column":null}},"type":"if","locations":[{"start":{"line":65,"column":8},"end":{"line":65,"column":null}},{"start":{},"end":{}}]},"5":{"loc":{"start":{"line":78,"column":8},"end":{"line":78,"column":null}},"type":"if","locations":[{"start":{"line":78,"column":8},"end":{"line":78,"column":null}},{"start":{},"end":{}}]},"6":{"loc":{"start":{"line":81,"column":8},"end":{"line":83,"column":null}},"type":"if","locations":[{"start":{"line":81,"column":8},"end":{"line":83,"column":null}},{"start":{},"end":{}}]},"7":{"loc":{"start":{"line":89,"column":8},"end":{"line":89,"column":null}},"type":"if","locations":[{"start":{"line":89,"column":8},"end":{"line":89,"column":null}},{"start":{},"end":{}}]},"8":{"loc":{"start":{"line":94,"column":18},"end":{"line":94,"column":null}},"type":"binary-expr","locations":[{"start":{"line":94,"column":18},"end":{"line":94,"column":27}},{"start":{"line":94,"column":31},"end":{"line":94,"column":null}}]},"9":{"loc":{"start":{"line":95,"column":21},"end":{"line":95,"column":null}},"type":"binary-expr","locations":[{"start":{"line":95,"column":21},"end":{"line":95,"column":33}},{"start":{"line":95,"column":37},"end":{"line":95,"column":null}}]},"10":{"loc":{"start":{"line":96,"column":20},"end":{"line":96,"column":null}},"type":"binary-expr","locations":[{"start":{"line":96,"column":20},"end":{"line":96,"column":31}},{"start":{"line":96,"column":35},"end":{"line":96,"column":null}}]},"11":{"loc":{"start":{"line":112,"column":8},"end":{"line":112,"column":null}},"type":"if","locations":[{"start":{"line":112,"column":8},"end":{"line":112,"column":null}},{"start":{},"end":{}}]}},"s":{"0":16,"1":2,"2":16,"3":16,"4":16,"5":8,"6":4,"7":4,"8":2,"9":2,"10":2,"11":2,"12":2,"13":4,"14":4,"15":2,"16":2,"17":0,"18":0,"19":0,"20":0,"21":0,"22":0,"23":0,"24":0,"25":0,"26":0,"27":0,"28":0,"29":0,"30":0,"31":0,"32":0,"33":0,"34":4,"35":2,"36":2,"37":0},"f":{"0":16,"1":8,"2":4,"3":0,"4":0,"5":0,"6":0,"7":0,"8":0,"9":0,"10":4,"11":0},"b":{"0":[4,4],"1":[8,6,6,6],"2":[2,2],"3":[2,2],"4":[0,0],"5":[0,0],"6":[0,0],"7":[0,0],"8":[0,0],"9":[0,0],"10":[0,0],"11":[2,2]}}
,"C:\\Users\\gdpal\\TrackFit\\src\\backend\\domain\\model\\enums\\index.ts": {"path":"C:\\Users\\gdpal\\TrackFit\\src\\backend\\domain\\model\\enums\\index.ts","statementMap":{"0":{"start":{"line":19,"column":12},"end":{"line":19,"column":null}},"1":{"start":{"line":27,"column":12},"end":{"line":27,"column":null}},"2":{"start":{"line":42,"column":12},"end":{"line":42,"column":null}},"3":{"start":{"line":35,"column":12},"end":{"line":35,"column":null}},"4":{"start":{"line":50,"column":12},"end":{"line":50,"column":null}},"5":{"start":{"line":7,"column":12},"end":{"line":7,"column":null}}},"fnMap":{},"branchMap":{},"s":{"0":32,"1":19,"2":16,"3":36,"4":11,"5":23},"f":{},"b":{}}
,"C:\\Users\\gdpal\\TrackFit\\src\\backend\\domain\\model\\errors\\AppError.ts": {"path":"C:\\Users\\gdpal\\TrackFit\\src\\backend\\domain\\model\\errors\\AppError.ts","statementMap":{"0":{"start":{"line":7,"column":13},"end":{"line":7,"column":30}},"1":{"start":{"line":58,"column":13},"end":{"line":58,"column":39}},"2":{"start":{"line":51,"column":13},"end":{"line":51,"column":35}},"3":{"start":{"line":37,"column":13},"end":{"line":37,"column":36}},"4":{"start":{"line":44,"column":13},"end":{"line":44,"column":35}},"5":{"start":{"line":65,"column":13},"end":{"line":65,"column":36}},"6":{"start":{"line":30,"column":13},"end":{"line":30,"column":39}},"7":{"start":{"line":23,"column":13},"end":{"line":23,"column":37}},"8":{"start":{"line":75,"column":16},"end":{"line":75,"column":32}},"9":{"start":{"line":13,"column":8},"end":{"line":13,"column":null}},"10":{"start":{"line":14,"column":8},"end":{"line":14,"column":null}},"11":{"start":{"line":15,"column":8},"end":{"line":15,"column":null}},"12":{"start":{"line":16,"column":8},"end":{"line":16,"column":null}},"13":{"start":{"line":17,"column":8},"end":{"line":17,"column":null}},"14":{"start":{"line":18,"column":8},"end":{"line":18,"column":null}},"15":{"start":{"line":25,"column":8},"end":{"line":25,"column":null}},"16":{"start":{"line":32,"column":8},"end":{"line":32,"column":null}},"17":{"start":{"line":39,"column":8},"end":{"line":39,"column":null}},"18":{"start":{"line":46,"column":8},"end":{"line":46,"column":null}},"19":{"start":{"line":53,"column":8},"end":{"line":53,"column":null}},"20":{"start":{"line":60,"column":8},"end":{"line":60,"column":null}},"21":{"start":{"line":67,"column":8},"end":{"line":67,"column":null}},"22":{"start":{"line":76,"column":4},"end":{"line":82,"column":null}},"23":{"start":{"line":77,"column":8},"end":{"line":81,"column":null}},"24":{"start":{"line":84,"column":16},"end":{"line":84,"column":null}},"25":{"start":{"line":85,"column":4},"end":{"line":85,"column":null}},"26":{"start":{"line":86,"column":4},"end":{"line":90,"column":null}}},"fnMap":{"0":{"name":"(anonymous_10)","decl":{"start":{"line":12,"column":4},"end":{"line":12,"column":16}},"loc":{"start":{"line":12,"column":98},"end":{"line":19,"column":null}}},"1":{"name":"(anonymous_11)","decl":{"start":{"line":24,"column":4},"end":{"line":24,"column":16}},"loc":{"start":{"line":24,"column":60},"end":{"line":26,"column":null}}},"2":{"name":"(anonymous_12)","decl":{"start":{"line":31,"column":4},"end":{"line":31,"column":16}},"loc":{"start":{"line":31,"column":65},"end":{"line":33,"column":null}}},"3":{"name":"(anonymous_13)","decl":{"start":{"line":38,"column":4},"end":{"line":38,"column":16}},"loc":{"start":{"line":38,"column":69},"end":{"line":40,"column":null}}},"4":{"name":"(anonymous_14)","decl":{"start":{"line":45,"column":4},"end":{"line":45,"column":16}},"loc":{"start":{"line":45,"column":38},"end":{"line":47,"column":null}}},"5":{"name":"(anonymous_15)","decl":{"start":{"line":52,"column":4},"end":{"line":52,"column":16}},"loc":{"start":{"line":52,"column":33},"end":{"line":54,"column":null}}},"6":{"name":"(anonymous_16)","decl":{"start":{"line":59,"column":4},"end":{"line":59,"column":16}},"loc":{"start":{"line":59,"column":52},"end":{"line":61,"column":null}}},"7":{"name":"(anonymous_17)","decl":{"start":{"line":66,"column":4},"end":{"line":66,"column":16}},"loc":{"start":{"line":66,"column":75},"end":{"line":68,"column":null}}},"8":{"name":"toErrorResponse","decl":{"start":{"line":75,"column":16},"end":{"line":75,"column":32}},"loc":{"start":{"line":75,"column":44},"end":{"line":91,"column":null}}}},"branchMap":{"0":{"loc":{"start":{"line":12,"column":33},"end":{"line":12,"column":49}},"type":"default-arg","locations":[{"start":{"line":12,"column":46},"end":{"line":12,"column":49}}]},"1":{"loc":{"start":{"line":12,"column":51},"end":{"line":12,"column":74}},"type":"default-arg","locations":[{"start":{"line":12,"column":58},"end":{"line":12,"column":74}}]},"2":{"loc":{"start":{"line":12,"column":76},"end":{"line":12,"column":96}},"type":"default-arg","locations":[{"start":{"line":12,"column":92},"end":{"line":12,"column":96}}]},"3":{"loc":{"start":{"line":24,"column":33},"end":{"line":24,"column":58}},"type":"default-arg","locations":[{"start":{"line":24,"column":40},"end":{"line":24,"column":58}}]},"4":{"loc":{"start":{"line":31,"column":16},"end":{"line":31,"column":63}},"type":"default-arg","locations":[{"start":{"line":31,"column":26},"end":{"line":31,"column":63}}]},"5":{"loc":{"start":{"line":38,"column":16},"end":{"line":38,"column":67}},"type":"default-arg","locations":[{"start":{"line":38,"column":26},"end":{"line":38,"column":67}}]},"6":{"loc":{"start":{"line":45,"column":16},"end":{"line":45,"column":36}},"type":"default-arg","locations":[{"start":{"line":45,"column":27},"end":{"line":45,"column":36}}]},"7":{"loc":{"start":{"line":60,"column":28},"end":{"line":60,"column":null}},"type":"binary-expr","locations":[{"start":{"line":60,"column":28},"end":{"line":60,"column":40}},{"start":{"line":60,"column":40},"end":{"line":60,"column":null}}]},"8":{"loc":{"start":{"line":66,"column":16},"end":{"line":66,"column":73}},"type":"default-arg","locations":[{"start":{"line":66,"column":26},"end":{"line":66,"column":73}}]},"9":{"loc":{"start":{"line":76,"column":4},"end":{"line":82,"column":null}},"type":"if","locations":[{"start":{"line":76,"column":4},"end":{"line":82,"column":null}},{"start":{},"end":{}}]},"10":{"loc":{"start":{"line":84,"column":16},"end":{"line":84,"column":null}},"type":"cond-expr","locations":[{"start":{"line":84,"column":39},"end":{"line":84,"column":50}},{"start":{"line":84,"column":53},"end":{"line":84,"column":null}}]}},"s":{"0":0,"1":0,"2":0,"3":0,"4":0,"5":2,"6":2,"7":0,"8":4,"9":4,"10":4,"11":4,"12":4,"13":4,"14":4,"15":0,"16":2,"17":0,"18":0,"19":0,"20":0,"21":2,"22":4,"23":4,"24":0,"25":0,"26":0},"f":{"0":4,"1":0,"2":2,"3":0,"4":0,"5":0,"6":0,"7":2,"8":4},"b":{"0":[0],"1":[0],"2":[4],"3":[0],"4":[0],"5":[0],"6":[0],"7":[0,0],"8":[2],"9":[4,0],"10":[0,0]}}
,"C:\\Users\\gdpal\\TrackFit\\src\\backend\\infrastructure\\http\\apiResponse.ts": {"path":"C:\\Users\\gdpal\\TrackFit\\src\\backend\\infrastructure\\http\\apiResponse.ts","statementMap":{"0":{"start":{"line":37,"column":16},"end":{"line":37,"column":27}},"1":{"start":{"line":45,"column":16},"end":{"line":45,"column":21}},"2":{"start":{"line":28,"column":16},"end":{"line":28,"column":22}},"3":{"start":{"line":56,"column":16},"end":{"line":56,"column":null}},"4":{"start":{"line":6,"column":29},"end":{"line":6,"column":null}},"5":{"start":{"line":7,"column":32},"end":{"line":7,"column":null}},"6":{"start":{"line":29,"column":33},"end":{"line":29,"column":null}},"7":{"start":{"line":30,"column":4},"end":{"line":30,"column":null}},"8":{"start":{"line":30,"column":14},"end":{"line":30,"column":null}},"9":{"start":{"line":31,"column":4},"end":{"line":31,"column":null}},"10":{"start":{"line":38,"column":4},"end":{"line":38,"column":null}},"11":{"start":{"line":46,"column":40},"end":{"line":46,"column":null}},"12":{"start":{"line":47,"column":4},"end":{"line":49,"column":null}},"13":{"start":{"line":62,"column":4},"end":{"line":67,"column":null}}},"fnMap":{"0":{"name":"ok","decl":{"start":{"line":28,"column":16},"end":{"line":28,"column":22}},"loc":{"start":{"line":28,"column":59},"end":{"line":32,"column":null}}},"1":{"name":"created","decl":{"start":{"line":37,"column":16},"end":{"line":37,"column":27}},"loc":{"start":{"line":37,"column":34},"end":{"line":39,"column":null}}},"2":{"name":"fail","decl":{"start":{"line":45,"column":16},"end":{"line":45,"column":21}},"loc":{"start":{"line":45,"column":33},"end":{"line":51,"column":null}}},"3":{"name":"paginated","decl":{"start":{"line":56,"column":16},"end":{"line":56,"column":null}},"loc":{"start":{"line":60,"column":20},"end":{"line":68,"column":null}}}},"branchMap":{"0":{"loc":{"start":{"line":28,"column":31},"end":{"line":28,"column":43}},"type":"default-arg","locations":[{"start":{"line":28,"column":40},"end":{"line":28,"column":43}}]},"1":{"loc":{"start":{"line":30,"column":4},"end":{"line":30,"column":null}},"type":"if","locations":[{"start":{"line":30,"column":4},"end":{"line":30,"column":null}},{"start":{},"end":{}}]}},"s":{"0":0,"1":4,"2":4,"3":0,"4":2,"5":2,"6":4,"7":4,"8":0,"9":4,"10":0,"11":4,"12":4,"13":0},"f":{"0":4,"1":0,"2":4,"3":0},"b":{"0":[4],"1":[0,4]}}
}
