TN:
SF:src\app\api\auth\route.ts
FN:28,(anonymous_3)
FN:41,POST
FN:146,DELETE
FNF:3
FNH:2
FNDA:2,(anonymous_3)
FNDA:12,POST
FNDA:0,DELETE
DA:11,2
DA:12,2
DA:13,2
DA:14,2
DA:15,2
DA:16,2
DA:17,2
DA:18,2
DA:21,2
DA:28,2
DA:31,2
DA:36,2
DA:41,12
DA:42,12
DA:44,12
DA:45,12
DA:46,12
DA:49,10
DA:50,4
DA:51,4
DA:52,4
DA:53,4
DA:54,4
DA:55,4
DA:59,4
DA:60,2
DA:62,0
DA:67,6
DA:68,0
DA:69,0
DA:70,0
DA:71,0
DA:73,0
DA:78,6
DA:79,0
DA:80,0
DA:81,0
DA:82,0
DA:83,0
DA:84,0
DA:88,0
DA:89,0
DA:91,0
DA:96,6
DA:97,6
DA:98,6
DA:99,6
DA:102,2
DA:103,0
DA:106,2
DA:107,2
DA:116,2
DA:117,0
DA:118,0
DA:122,0
DA:124,0
DA:128,2
DA:129,0
DA:130,0
DA:133,0
DA:134,0
DA:139,2
DA:141,0
DA:146,0
DA:148,0
DA:149,0
DA:150,0
DA:151,0
DA:152,0
DA:154,0
LF:70
LH:38
BRDA:44,0,0,12
BRDA:44,0,1,12
BRDA:44,0,2,12
BRDA:46,1,0,2
BRDA:46,1,1,10
BRDA:49,2,0,4
BRDA:49,2,1,6
BRDA:53,3,0,0
BRDA:53,3,1,4
BRDA:59,4,0,2
BRDA:59,4,1,2
BRDA:67,5,0,0
BRDA:67,5,1,6
BRDA:78,6,0,0
BRDA:78,6,1,6
BRDA:82,7,0,0
BRDA:82,7,1,0
BRDA:88,8,0,0
BRDA:88,8,1,0
BRDA:99,9,0,4
BRDA:99,9,1,2
BRDA:102,10,0,0
BRDA:102,10,1,2
BRDA:102,11,0,2
BRDA:102,11,1,0
BRDA:116,12,0,0
BRDA:116,12,1,2
BRDA:122,13,0,0
BRDA:122,13,1,0
BRDA:128,14,0,0
BRDA:128,14,1,2
BRDA:133,15,0,0
BRDA:133,15,1,0
BRDA:149,16,0,0
BRDA:149,16,1,0
BRF:35
BRH:18
end_of_record
TN:
SF:src\backend\application\service\coach\CreateCoachManagerService.ts
FN:18,(anonymous_1)
FN:28,(anonymous_2)
FN:42,(anonymous_3)
FN:97,(anonymous_4)
FN:112,(anonymous_5)
FN:162,(anonymous_6)
FN:191,(anonymous_7)
FN:195,(anonymous_8)
FN:217,(anonymous_9)
FN:221,(anonymous_10)
FN:225,(anonymous_11)
FN:229,(anonymous_12)
FN:233,(anonymous_13)
FN:237,(anonymous_14)
FNF:14
FNH:13
FNDA:24,(anonymous_1)
FNDA:5,(anonymous_2)
FNDA:0,(anonymous_3)
FNDA:3,(anonymous_4)
FNDA:4,(anonymous_5)
FNDA:2,(anonymous_6)
FNDA:2,(anonymous_7)
FNDA:3,(anonymous_8)
FNDA:1,(anonymous_9)
FNDA:1,(anonymous_10)
FNDA:1,(anonymous_11)
FNDA:1,(anonymous_12)
FNDA:1,(anonymous_13)
FNDA:1,(anonymous_14)
DA:15,1
DA:17,24
DA:19,24
DA:20,24
DA:21,24
DA:22,24
DA:23,24
DA:24,24
DA:29,5
DA:31,4
DA:34,4
DA:35,4
DA:37,3
DA:38,0
DA:39,0
DA:40,0
DA:42,0
DA:43,0
DA:48,0
DA:49,0
DA:53,3
DA:54,3
DA:56,2
DA:58,2
DA:70,2
DA:71,1
DA:77,1
DA:86,1
DA:89,1
DA:90,1
DA:93,2
DA:98,3
DA:99,3
DA:101,2
DA:103,1
DA:107,1
DA:122,4
DA:123,4
DA:125,3
DA:126,3
DA:127,3
DA:129,3
DA:130,1
DA:136,2
DA:141,2
DA:149,2
DA:162,2
DA:163,2
DA:164,2
DA:187,2
DA:192,2
DA:196,3
DA:197,3
DA:200,2
DA:201,1
DA:205,1
DA:208,1
DA:218,1
DA:222,1
DA:226,1
DA:230,1
DA:234,1
DA:238,1
LF:63
LH:56
BRDA:29,0,0,1
BRDA:29,0,1,4
BRDA:35,1,0,1
BRDA:35,1,1,3
BRDA:37,2,0,0
BRDA:37,2,1,3
BRDA:37,3,0,3
BRDA:37,3,1,3
BRDA:43,4,0,0
BRDA:43,4,1,0
BRDA:43,4,2,0
BRDA:48,5,0,0
BRDA:48,5,1,0
BRDA:54,6,0,1
BRDA:54,6,1,2
BRDA:70,7,0,1
BRDA:70,7,1,1
BRDA:70,8,0,2
BRDA:70,8,1,1
BRDA:99,9,0,1
BRDA:99,9,1,2
BRDA:101,10,0,1
BRDA:101,10,1,1
BRDA:123,11,0,1
BRDA:123,11,1,3
BRDA:129,12,0,1
BRDA:129,12,1,2
BRDA:163,13,0,2
BRDA:163,13,1,0
BRDA:197,14,0,1
BRDA:197,14,1,2
BRDA:200,15,0,1
BRDA:200,15,1,1
BRDA:200,16,0,2
BRDA:200,16,1,2
BRF:35
BRH:28
end_of_record
TN:
SF:src\backend\application\service\gym\CreateGymManagerService.ts
FN:19,diceCoefficient
FN:20,(anonymous_2)
FN:28,(anonymous_3)
FN:38,(anonymous_4)
FN:47,(anonymous_5)
FN:79,(anonymous_6)
FN:172,(anonymous_7)
FN:176,(anonymous_8)
FN:186,(anonymous_9)
FN:207,(anonymous_10)
FN:250,(anonymous_11)
FN:296,(anonymous_12)
FN:300,(anonymous_13)
FN:305,(anonymous_14)
FN:309,(anonymous_15)
FN:313,(anonymous_16)
FN:317,(anonymous_17)
FN:322,(anonymous_18)
FN:326,(anonymous_19)
FN:330,(anonymous_20)
FNF:20
FNH:16
FNDA:0,diceCoefficient
FNDA:0,(anonymous_2)
FNDA:0,(anonymous_3)
FNDA:24,(anonymous_4)
FNDA:3,(anonymous_5)
FNDA:0,(anonymous_6)
FNDA:1,(anonymous_7)
FNDA:2,(anonymous_8)
FNDA:2,(anonymous_9)
FNDA:5,(anonymous_10)
FNDA:4,(anonymous_11)
FNDA:1,(anonymous_12)
FNDA:1,(anonymous_13)
FNDA:1,(anonymous_14)
FNDA:1,(anonymous_15)
FNDA:1,(anonymous_16)
FNDA:1,(anonymous_17)
FNDA:1,(anonymous_18)
FNDA:1,(anonymous_19)
FNDA:1,(anonymous_20)
DA:15,1
DA:16,1
DA:20,0
DA:21,0
DA:22,0
DA:23,0
DA:25,0
DA:26,0
DA:27,0
DA:28,0
DA:29,0
DA:34,1
DA:35,1
DA:37,24
DA:39,24
DA:40,24
DA:41,24
DA:42,24
DA:43,24
DA:55,3
DA:56,3
DA:59,2
DA:60,2
DA:61,1
DA:66,1
DA:68,1
DA:75,1
DA:86,0
DA:89,0
DA:90,0
DA:91,0
DA:92,0
DA:95,0
DA:101,0
DA:102,0
DA:103,0
DA:106,0
DA:107,0
DA:111,0
DA:117,0
DA:118,0
DA:121,0
DA:122,0
DA:123,0
DA:127,0
DA:135,0
DA:136,0
DA:140,0
DA:147,0
DA:148,0
DA:152,0
DA:156,0
DA:160,0
DA:163,0
DA:173,1
DA:177,2
DA:178,2
DA:181,1
DA:182,1
DA:183,1
DA:185,1
DA:187,2
DA:196,1
DA:198,1
DA:208,5
DA:209,5
DA:212,4
DA:213,4
DA:214,1
DA:218,3
DA:219,3
DA:220,1
DA:224,2
DA:225,2
DA:227,1
DA:228,1
DA:234,1
DA:237,1
DA:246,1
DA:251,4
DA:252,4
DA:254,3
DA:256,3
DA:257,3
DA:259,1
DA:262,3
DA:268,3
DA:269,3
DA:272,3
DA:273,3
DA:275,1
DA:283,1
DA:286,1
DA:297,1
DA:301,1
DA:306,1
DA:310,1
DA:314,1
DA:318,1
DA:319,0
DA:323,1
DA:327,1
DA:331,1
LF:103
LH:66
BRDA:28,0,0,0
BRDA:28,0,1,0
BRDA:56,1,0,1
BRDA:56,1,1,2
BRDA:60,2,0,1
BRDA:60,2,1,1
BRDA:101,3,0,0
BRDA:101,3,1,0
BRDA:106,4,0,0
BRDA:106,4,1,0
BRDA:117,5,0,0
BRDA:117,5,1,0
BRDA:130,6,0,0
BRDA:130,6,1,0
BRDA:130,7,0,0
BRDA:130,7,1,0
BRDA:130,8,0,0
BRDA:130,8,1,0
BRDA:130,8,2,0
BRDA:131,9,0,0
BRDA:131,9,1,0
BRDA:131,10,0,0
BRDA:131,10,1,0
BRDA:131,11,0,0
BRDA:131,11,1,0
BRDA:131,11,2,0
BRDA:135,12,0,0
BRDA:135,12,1,0
BRDA:147,13,0,0
BRDA:147,13,1,0
BRDA:152,14,0,0
BRDA:152,14,1,0
BRDA:156,15,0,0
BRDA:156,15,1,0
BRDA:178,16,0,1
BRDA:178,16,1,1
BRDA:209,17,0,1
BRDA:209,17,1,4
BRDA:213,18,0,1
BRDA:213,18,1,3
BRDA:213,19,0,4
BRDA:213,19,1,3
BRDA:213,19,2,3
BRDA:219,20,0,1
BRDA:219,20,1,2
BRDA:225,21,0,1
BRDA:225,21,1,1
BRDA:252,22,0,1
BRDA:252,22,1,3
BRDA:257,23,0,1
BRDA:257,23,1,2
BRDA:268,24,0,3
BRDA:268,24,1,0
BRDA:273,25,0,1
BRDA:273,25,1,2
BRDA:318,26,0,1
BRDA:318,26,1,0
BRF:57
BRH:25
end_of_record
TN:
SF:src\backend\application\service\report\CreateReportManagerService.ts
FN:13,(anonymous_1)
FN:19,(anonymous_2)
FN:37,(anonymous_3)
FN:57,(anonymous_4)
FN:75,(anonymous_5)
FN:93,(anonymous_6)
FN:96,(anonymous_7)
FNF:7
FNH:7
FNDA:9,(anonymous_1)
FNDA:2,(anonymous_2)
FNDA:2,(anonymous_3)
FNDA:1,(anonymous_4)
FNDA:1,(anonymous_5)
FNDA:3,(anonymous_6)
FNDA:27,(anonymous_7)
DA:12,9
DA:14,9
DA:15,9
DA:23,2
DA:33,2
DA:41,2
DA:43,2
DA:53,2
DA:61,1
DA:71,1
DA:77,1
DA:79,1
DA:89,1
DA:94,3
DA:95,3
DA:96,27
DA:98,3
LF:17
LH:17
BRDA:96,0,0,1
BRDA:96,0,1,26
BRDA:96,1,0,27
BRDA:96,1,1,27
BRF:4
BRH:4
end_of_record
TN:
SF:src\backend\application\service\subscription\CreateSubscriptionManagerService.ts
FN:19,(anonymous_2)
FN:28,(anonymous_3)
FN:113,(anonymous_4)
FN:131,(anonymous_5)
FN:147,(anonymous_6)
FN:157,(anonymous_7)
FNF:6
FNH:2
FNDA:12,(anonymous_2)
FNDA:12,(anonymous_3)
FNDA:0,(anonymous_4)
FNDA:0,(anonymous_5)
FNDA:0,(anonymous_6)
FNDA:0,(anonymous_7)
DA:15,2
DA:16,2
DA:18,12
DA:20,12
DA:21,12
DA:22,12
DA:23,12
DA:24,12
DA:29,12
DA:30,12
DA:32,10
DA:33,10
DA:36,10
DA:37,10
DA:38,10
DA:39,8
DA:40,6
DA:43,4
DA:44,4
DA:45,2
DA:49,2
DA:52,2
DA:61,2
DA:68,2
DA:69,2
DA:70,2
DA:71,2
DA:74,2
DA:85,2
DA:98,2
DA:101,2
DA:109,2
DA:114,0
DA:115,0
DA:116,0
DA:118,0
DA:120,0
DA:127,0
DA:132,0
DA:133,0
DA:136,0
DA:137,0
DA:138,0
DA:139,0
DA:140,0
DA:143,0
DA:148,0
DA:149,0
DA:150,0
DA:151,0
DA:152,0
DA:153,0
DA:158,0
LF:53
LH:32
BRDA:30,0,0,2
BRDA:30,0,1,10
BRDA:36,1,0,10
BRDA:36,1,1,0
BRDA:38,2,0,2
BRDA:38,2,1,8
BRDA:39,3,0,2
BRDA:39,3,1,6
BRDA:40,4,0,2
BRDA:40,4,1,4
BRDA:40,5,0,6
BRDA:40,5,1,2
BRDA:44,6,0,2
BRDA:44,6,1,2
BRDA:115,7,0,0
BRDA:115,7,1,0
BRDA:116,8,0,0
BRDA:116,8,1,0
BRDA:122,9,0,0
BRDA:122,9,1,0
BRDA:133,10,0,0
BRDA:133,10,1,0
BRDA:139,11,0,0
BRDA:139,11,1,0
BRDA:149,12,0,0
BRDA:149,12,1,0
BRDA:150,13,0,0
BRDA:150,13,1,0
BRDA:151,14,0,0
BRDA:151,14,1,0
BRDA:152,15,0,0
BRDA:152,15,1,0
BRDA:152,16,0,0
BRDA:152,16,1,0
BRF:34
BRH:13
end_of_record
TN:
SF:src\backend\application\service\user\CreateUserManagerService.ts
FN:15,(anonymous_1)
FN:17,(anonymous_2)
FN:37,(anonymous_3)
FN:43,(anonymous_4)
FN:47,(anonymous_5)
FN:53,(anonymous_6)
FN:57,(anonymous_7)
FN:62,(anonymous_8)
FN:67,(anonymous_9)
FNF:9
FNH:9
FNDA:20,(anonymous_1)
FNDA:10,(anonymous_2)
FNDA:2,(anonymous_3)
FNDA:1,(anonymous_4)
FNDA:1,(anonymous_5)
FNDA:1,(anonymous_6)
FNDA:1,(anonymous_7)
FNDA:2,(anonymous_8)
FNDA:2,(anonymous_9)
DA:9,3
DA:12,3
DA:14,20
DA:15,20
DA:18,10
DA:20,7
DA:21,7
DA:27,7
DA:30,4
DA:31,4
DA:32,3
DA:34,1
DA:38,2
DA:39,2
DA:40,1
DA:44,1
DA:48,1
DA:49,1
DA:50,1
DA:54,1
DA:58,1
DA:63,2
DA:64,1
DA:68,2
DA:70,2
DA:73,2
DA:74,1
DA:75,1
DA:76,1
DA:78,1
DA:79,0
DA:80,0
DA:81,0
DA:85,2
LF:34
LH:31
BRDA:18,0,0,3
BRDA:18,0,1,7
BRDA:18,1,0,10
BRDA:18,1,1,9
BRDA:18,1,2,9
BRDA:18,1,3,7
BRDA:27,2,0,3
BRDA:27,2,1,4
BRDA:31,3,0,3
BRDA:31,3,1,1
BRDA:39,4,0,1
BRDA:39,4,1,1
BRDA:63,5,0,1
BRDA:63,5,1,1
BRDA:73,6,0,1
BRDA:73,6,1,1
BRDA:75,7,0,1
BRDA:75,7,1,0
BRDA:78,8,0,0
BRDA:78,8,1,1
BRDA:80,9,0,0
BRDA:80,9,1,0
BRF:22
BRH:18
end_of_record
TN:
SF:src\backend\application\service\workout\CreateWorkoutManagerService.ts
FN:15,(anonymous_1)
FN:21,(anonymous_2)
FN:52,(anonymous_3)
FN:63,(anonymous_4)
FN:69,(anonymous_5)
FN:73,(anonymous_6)
FN:77,(anonymous_7)
FN:86,(anonymous_8)
FN:103,(anonymous_9)
FN:107,(anonymous_10)
FN:111,(anonymous_11)
FN:116,(anonymous_12)
FNF:12
FNH:4
FNDA:16,(anonymous_1)
FNDA:8,(anonymous_2)
FNDA:4,(anonymous_3)
FNDA:0,(anonymous_4)
FNDA:0,(anonymous_5)
FNDA:0,(anonymous_6)
FNDA:0,(anonymous_7)
FNDA:0,(anonymous_8)
FNDA:0,(anonymous_9)
FNDA:0,(anonymous_10)
FNDA:4,(anonymous_11)
FNDA:0,(anonymous_12)
DA:12,2
DA:14,16
DA:16,16
DA:17,16
DA:18,16
DA:28,8
DA:29,4
DA:31,4
DA:32,2
DA:35,2
DA:46,2
DA:47,2
DA:49,2
DA:53,4
DA:54,4
DA:56,2
DA:64,0
DA:65,0
DA:66,0
DA:70,0
DA:74,0
DA:78,0
DA:80,0
DA:81,0
DA:82,0
DA:88,0
DA:89,0
DA:91,0
DA:104,0
DA:108,0
DA:112,4
DA:113,2
DA:117,0
LF:33
LH:18
BRDA:28,0,0,4
BRDA:28,0,1,4
BRDA:28,1,0,8
BRDA:28,1,1,6
BRDA:28,1,2,6
BRDA:28,1,3,6
BRDA:31,2,0,2
BRDA:31,2,1,2
BRDA:54,3,0,2
BRDA:54,3,1,2
BRDA:65,4,0,0
BRDA:65,4,1,0
BRDA:78,5,0,0
BRDA:78,5,1,0
BRDA:81,6,0,0
BRDA:81,6,1,0
BRDA:89,7,0,0
BRDA:89,7,1,0
BRDA:94,8,0,0
BRDA:94,8,1,0
BRDA:95,9,0,0
BRDA:95,9,1,0
BRDA:96,10,0,0
BRDA:96,10,1,0
BRDA:112,11,0,2
BRDA:112,11,1,2
BRF:26
BRH:12
end_of_record
TN:
SF:src\backend\domain\model\enums\index.ts
FNF:0
FNH:0
DA:7,23
DA:19,32
DA:27,19
DA:35,36
DA:42,16
DA:50,11
LF:6
LH:6
BRF:0
BRH:0
end_of_record
TN:
SF:src\backend\domain\model\errors\AppError.ts
FN:12,(anonymous_10)
FN:24,(anonymous_11)
FN:31,(anonymous_12)
FN:38,(anonymous_13)
FN:45,(anonymous_14)
FN:52,(anonymous_15)
FN:59,(anonymous_16)
FN:66,(anonymous_17)
FN:75,toErrorResponse
FNF:9
FNH:4
FNDA:4,(anonymous_10)
FNDA:0,(anonymous_11)
FNDA:2,(anonymous_12)
FNDA:0,(anonymous_13)
FNDA:0,(anonymous_14)
FNDA:0,(anonymous_15)
FNDA:0,(anonymous_16)
FNDA:2,(anonymous_17)
FNDA:4,toErrorResponse
DA:7,0
DA:13,4
DA:14,4
DA:15,4
DA:16,4
DA:17,4
DA:18,4
DA:23,0
DA:25,0
DA:30,2
DA:32,2
DA:37,0
DA:39,0
DA:44,0
DA:46,0
DA:51,0
DA:53,0
DA:58,0
DA:60,0
DA:65,2
DA:67,2
DA:75,4
DA:76,4
DA:77,4
DA:84,0
DA:85,0
DA:86,0
LF:27
LH:13
BRDA:12,0,0,0
BRDA:12,1,0,0
BRDA:12,2,0,4
BRDA:24,3,0,0
BRDA:31,4,0,0
BRDA:38,5,0,0
BRDA:45,6,0,0
BRDA:60,7,0,0
BRDA:60,7,1,0
BRDA:66,8,0,2
BRDA:76,9,0,4
BRDA:76,9,1,0
BRDA:84,10,0,0
BRDA:84,10,1,0
BRF:14
BRH:3
end_of_record
TN:
SF:src\backend\infrastructure\http\apiResponse.ts
FN:28,ok
FN:37,created
FN:45,fail
FN:56,paginated
FNF:4
FNH:2
FNDA:4,ok
FNDA:0,created
FNDA:4,fail
FNDA:0,paginated
DA:6,2
DA:7,2
DA:28,4
DA:29,4
DA:30,4
DA:31,4
DA:37,0
DA:38,0
DA:45,4
DA:46,4
DA:47,4
DA:56,0
DA:62,0
LF:13
LH:9
BRDA:28,0,0,4
BRDA:30,1,0,0
BRDA:30,1,1,4
BRF:3
BRH:2
end_of_record
